20.9.2022, 9:52:07 - INFO - Server is running on port: 3030
20.9.2022, 9:54:17 - DEBUG - Getting Stays
20.9.2022, 9:54:17 - ERROR - Failed to get stays | {}
20.9.2022, 10:06:43 - INFO - Server is running on port: 3030
20.9.2022, 10:06:51 - DEBUG - Getting Stays
20.9.2022, 10:06:51 - ERROR - Failed to get stays | {}
20.9.2022, 10:11:56 - INFO - Server is running on port: 3030
20.9.2022, 10:12:07 - DEBUG - Getting Stays
20.9.2022, 10:12:07 - ERROR - Failed to get stays | {}
20.9.2022, 10:14:38 - DEBUG - Getting Stays
20.9.2022, 10:14:38 - ERROR - Failed to get stays | {}
20.9.2022, 10:14:46 - INFO - Server is running on port: 3030
20.9.2022, 10:15:23 - INFO - Server is running on port: 3030
20.9.2022, 10:15:25 - DEBUG - Getting Stays
20.9.2022, 10:15:26 - ERROR - cannot find stays | {}
20.9.2022, 10:15:26 - ERROR - Failed to get stays | {}
20.9.2022, 10:28:10 - INFO - Server is running on port: 3030
20.9.2022, 10:43:19 - INFO - Server is running on port: 3030
20.9.2022, 10:43:27 - DEBUG - Getting Stays
20.9.2022, 10:43:28 - ERROR - cannot find stays | {}
20.9.2022, 10:43:28 - ERROR - Failed to get stays | {}
20.9.2022, 10:49:11 - INFO - Server is running on port: 3030
20.9.2022, 10:52:00 - INFO - Server is running on port: 3030
20.9.2022, 10:52:34 - DEBUG - Getting Stays
20.9.2022, 10:52:35 - ERROR - cannot find stays | {}
20.9.2022, 10:52:35 - ERROR - Failed to get stays | {}
20.9.2022, 10:53:26 - INFO - Server is running on port: 3030
20.9.2022, 10:53:35 - DEBUG - Getting Stays
20.9.2022, 10:53:36 - ERROR - cannot find stays | {}
20.9.2022, 10:53:36 - ERROR - Failed to get stays | {}
20.9.2022, 10:53:56 - INFO - Server is running on port: 3030
20.9.2022, 10:53:57 - DEBUG - Getting Stays
20.9.2022, 10:53:58 - ERROR - cannot find stays | {}
20.9.2022, 10:53:58 - ERROR - Failed to get stays | {}
20.9.2022, 10:54:29 - INFO - Server is running on port: 3030
20.9.2022, 10:54:33 - DEBUG - Getting Stays
20.9.2022, 10:54:34 - ERROR - cannot find stays | {}
20.9.2022, 10:54:34 - ERROR - Failed to get stays | {}
20.9.2022, 10:56:46 - INFO - Server is running on port: 3030
20.9.2022, 10:57:52 - INFO - Server is running on port: 3030
20.9.2022, 10:58:07 - DEBUG - Getting Stays
20.9.2022, 10:58:08 - ERROR - cannot find stays | {}
20.9.2022, 10:58:08 - ERROR - Failed to get stays | {}
20.9.2022, 10:58:20 - INFO - Server is running on port: 3030
20.9.2022, 10:58:23 - DEBUG - Getting Stays
20.9.2022, 10:58:24 - ERROR - cannot find stays | {}
20.9.2022, 10:58:24 - ERROR - Failed to get stays | {}
20.9.2022, 11:01:50 - INFO - Server is running on port: 3030
20.9.2022, 11:01:52 - DEBUG - Getting Stays
20.9.2022, 11:02:19 - INFO - Server is running on port: 3030
20.9.2022, 11:02:19 - DEBUG - Getting Stays
20.9.2022, 11:02:20 - ERROR - cannot find stays | {}
20.9.2022, 11:02:20 - ERROR - Failed to get stays | {}
20.9.2022, 11:02:46 - DEBUG - Getting Stays
20.9.2022, 11:02:47 - ERROR - cannot find stays | {}
20.9.2022, 11:02:47 - ERROR - Failed to get stays | {}
20.9.2022, 11:02:49 - DEBUG - Getting Stays
20.9.2022, 11:02:50 - ERROR - cannot find stays | {}
20.9.2022, 11:02:50 - ERROR - Failed to get stays | {}
20.9.2022, 11:03:22 - INFO - Server is running on port: 3030
20.9.2022, 11:05:11 - INFO - Server is running on port: 3030
20.9.2022, 11:05:23 - DEBUG - Getting Stays
20.9.2022, 11:05:24 - ERROR - cannot find stays | {}
20.9.2022, 11:05:24 - ERROR - Failed to get stays | {}
20.9.2022, 11:06:42 - INFO - Server is running on port: 3030
20.9.2022, 11:07:33 - DEBUG - Getting Stays
20.9.2022, 11:07:34 - ERROR - cannot find stays | {}
20.9.2022, 11:07:34 - ERROR - Failed to get stays | {}
20.9.2022, 11:09:13 - INFO - Server is running on port: 3030
20.9.2022, 11:09:19 - INFO - Server is running on port: 3030
20.9.2022, 11:09:22 - DEBUG - Getting Stays
20.9.2022, 11:09:56 - INFO - Server is running on port: 3030
20.9.2022, 11:10:09 - INFO - Server is running on port: 3030
20.9.2022, 11:10:20 - DEBUG - Getting Stays
20.9.2022, 11:11:26 - INFO - Server is running on port: 3030
20.9.2022, 11:11:28 - DEBUG - Getting Stays
20.9.2022, 11:11:51 - INFO - Server is running on port: 3030
20.9.2022, 11:11:52 - DEBUG - Getting Stays
20.9.2022, 11:11:52 - ERROR - cannot find stays | {}
20.9.2022, 11:11:52 - ERROR - Failed to get stays | {}
20.9.2022, 11:11:55 - DEBUG - Getting Stays
20.9.2022, 11:11:55 - ERROR - cannot find stays | {}
20.9.2022, 11:11:55 - ERROR - Failed to get stays | {}
20.9.2022, 11:12:16 - INFO - Server is running on port: 3030
20.9.2022, 11:12:20 - DEBUG - Getting Stays
20.9.2022, 11:12:20 - ERROR - Failed to get stays | {}
20.9.2022, 11:13:03 - INFO - Server is running on port: 3030
20.9.2022, 11:14:34 - INFO - Server is running on port: 3030
20.9.2022, 11:16:43 - DEBUG - Getting Stays
20.9.2022, 11:18:23 - DEBUG - Getting Stays
20.9.2022, 11:18:33 - DEBUG - Getting Stays
20.9.2022, 11:18:49 - DEBUG - Getting Stays
20.9.2022, 11:18:49 - DEBUG - Getting Stays
20.9.2022, 11:18:50 - DEBUG - Getting Stays
20.9.2022, 11:19:04 - INFO - Server is running on port: 3030
20.9.2022, 11:19:15 - DEBUG - Getting Stays
20.9.2022, 11:20:23 - INFO - Server is running on port: 3030
20.9.2022, 11:20:25 - DEBUG - Getting Stays
20.9.2022, 11:20:49 - INFO - Server is running on port: 3030
20.9.2022, 11:20:51 - DEBUG - Getting Stays
20.9.2022, 11:21:24 - INFO - Server is running on port: 3030
20.9.2022, 11:21:27 - DEBUG - Getting Stays
20.9.2022, 11:22:15 - INFO - Server is running on port: 3030
20.9.2022, 11:22:19 - DEBUG - Getting Stays
20.9.2022, 11:22:34 - INFO - Server is running on port: 3030
20.9.2022, 11:22:51 - INFO - Server is running on port: 3030
20.9.2022, 11:22:53 - DEBUG - Getting Stays
20.9.2022, 11:23:02 - INFO - Server is running on port: 3030
20.9.2022, 11:23:09 - INFO - Server is running on port: 3030
20.9.2022, 11:23:10 - DEBUG - Getting Stays
20.9.2022, 11:25:18 - INFO - Server is running on port: 3030
20.9.2022, 11:25:19 - DEBUG - Getting Stays
20.9.2022, 11:25:41 - DEBUG - Getting Stays
20.9.2022, 11:25:50 - INFO - Server is running on port: 3030
20.9.2022, 11:25:59 - DEBUG - Getting Stays
20.9.2022, 11:27:33 - DEBUG - Getting Stays
20.9.2022, 11:29:54 - DEBUG - Getting Stays
20.9.2022, 11:30:01 - INFO - Server is running on port: 3030
20.9.2022, 11:30:04 - DEBUG - Getting Stays
20.9.2022, 11:30:18 - DEBUG - Getting Stays
20.9.2022, 11:30:43 - DEBUG - Getting Stays
20.9.2022, 11:31:35 - INFO - Server is running on port: 3030
20.9.2022, 11:31:59 - INFO - Server is running on port: 3030
20.9.2022, 11:32:28 - INFO - Server is running on port: 3030
20.9.2022, 11:32:45 - DEBUG - Getting Stays
20.9.2022, 11:32:50 - DEBUG - Getting Stays
20.9.2022, 11:33:12 - DEBUG - Getting Stays
20.9.2022, 11:34:03 - INFO - Server is running on port: 3030
20.9.2022, 11:34:06 - DEBUG - Getting Stays
20.9.2022, 11:34:35 - INFO - Server is running on port: 3030
20.9.2022, 11:34:53 - DEBUG - Getting Stays
20.9.2022, 11:36:07 - DEBUG - Getting Stays
20.9.2022, 11:36:16 - INFO - Server is running on port: 3030
20.9.2022, 11:36:28 - INFO - Server is running on port: 3030
20.9.2022, 11:36:42 - INFO - Server is running on port: 3030
20.9.2022, 11:36:54 - INFO - Server is running on port: 3030
20.9.2022, 11:36:58 - DEBUG - Getting Stays
20.9.2022, 11:37:18 - INFO - Server is running on port: 3030
20.9.2022, 11:37:29 - INFO - Server is running on port: 3030
20.9.2022, 11:37:59 - INFO - Server is running on port: 3030
20.9.2022, 11:38:02 - ERROR - while finding stay 622f337a75c7d36e498aaaf8 | {}
20.9.2022, 11:38:02 - ERROR - Failed to get stay | {}
20.9.2022, 11:38:38 - INFO - Server is running on port: 3030
20.9.2022, 11:38:42 - INFO - Server is running on port: 3030
20.9.2022, 11:38:54 - INFO - Server is running on port: 3030
20.9.2022, 11:43:48 - INFO - Server is running on port: 3030
20.9.2022, 11:44:01 - DEBUG - Getting Stays
20.9.2022, 12:11:41 - DEBUG - Getting Stays
20.9.2022, 12:11:50 - DEBUG - Getting Stays
20.9.2022, 12:14:05 - DEBUG - Getting Stays
20.9.2022, 12:20:24 - DEBUG - Getting Stays
20.9.2022, 12:20:28 - DEBUG - Getting Stays
20.9.2022, 12:20:29 - DEBUG - Getting Stays
20.9.2022, 12:39:41 - DEBUG - Getting Stays
20.9.2022, 13:59:23 - INFO - Server is running on port: 3030
20.9.2022, 14:03:44 - INFO - Server is running on port: 3030
20.9.2022, 14:32:15 - DEBUG - Getting Stays
20.9.2022, 14:35:51 - DEBUG - Getting Stays
20.9.2022, 14:37:16 - DEBUG - Getting Stays
20.9.2022, 14:38:07 - DEBUG - Getting Stays
20.9.2022, 14:54:13 - INFO - Server is running on port: 3030
20.9.2022, 14:55:51 - DEBUG - Getting Stays
20.9.2022, 14:56:07 - DEBUG - Getting Stays
20.9.2022, 14:56:11 - DEBUG - Getting Stays
20.9.2022, 14:58:14 - INFO - Server is running on port: 3030
20.9.2022, 14:58:22 - DEBUG - Getting Stays
20.9.2022, 14:59:02 - INFO - Server is running on port: 3030
20.9.2022, 14:59:31 - INFO - Server is running on port: 3030
20.9.2022, 14:59:34 - DEBUG - Getting Stays
20.9.2022, 14:59:56 - INFO - Server is running on port: 3030
20.9.2022, 14:59:56 - DEBUG - Getting Stays
20.9.2022, 15:06:46 - DEBUG - Getting Stays
20.9.2022, 15:10:09 - DEBUG - Getting Stays
20.9.2022, 15:12:12 - DEBUG - Getting Stays
20.9.2022, 15:12:14 - DEBUG - Getting Stays
20.9.2022, 15:12:42 - DEBUG - Getting Stays
20.9.2022, 15:12:44 - DEBUG - Getting Stays
20.9.2022, 15:14:51 - DEBUG - Getting Stays
20.9.2022, 15:17:56 - INFO - Server is running on port: 3030
20.9.2022, 15:23:01 - INFO - Server is running on port: 3030
20.9.2022, 15:23:04 - DEBUG - Getting Stays
20.9.2022, 15:23:57 - DEBUG - Getting Stays
20.9.2022, 15:24:09 - DEBUG - Getting Stays
20.9.2022, 15:24:25 - INFO - Server is running on port: 3030
20.9.2022, 15:24:26 - DEBUG - Getting Stays
20.9.2022, 15:24:40 - INFO - Server is running on port: 3030
20.9.2022, 15:24:46 - DEBUG - Getting Stays
20.9.2022, 15:25:01 - INFO - Server is running on port: 3030
20.9.2022, 15:25:04 - DEBUG - Getting Stays
20.9.2022, 15:25:20 - INFO - Server is running on port: 3030
20.9.2022, 15:25:22 - DEBUG - Getting Stays
20.9.2022, 15:25:42 - INFO - Server is running on port: 3030
20.9.2022, 15:25:45 - DEBUG - Getting Stays
20.9.2022, 15:25:56 - INFO - Server is running on port: 3030
20.9.2022, 15:25:59 - DEBUG - Getting Stays
20.9.2022, 15:26:12 - DEBUG - Getting Stays
20.9.2022, 15:26:17 - DEBUG - Getting Stays
20.9.2022, 15:26:20 - DEBUG - Getting Stays
20.9.2022, 15:26:21 - DEBUG - Getting Stays
20.9.2022, 15:26:23 - DEBUG - Getting Stays
20.9.2022, 15:26:25 - DEBUG - Getting Stays
20.9.2022, 15:26:30 - DEBUG - Getting Stays
20.9.2022, 15:26:53 - INFO - Server is running on port: 3030
20.9.2022, 15:26:59 - DEBUG - Getting Stays
20.9.2022, 15:27:03 - DEBUG - Getting Stays
20.9.2022, 15:27:10 - DEBUG - Getting Stays
20.9.2022, 15:27:17 - DEBUG - Getting Stays
20.9.2022, 15:27:22 - DEBUG - Getting Stays
20.9.2022, 15:27:23 - DEBUG - Getting Stays
20.9.2022, 15:27:28 - DEBUG - Getting Stays
20.9.2022, 15:27:31 - DEBUG - Getting Stays
20.9.2022, 15:27:32 - DEBUG - Getting Stays
20.9.2022, 15:27:39 - DEBUG - Getting Stays
20.9.2022, 15:27:51 - DEBUG - Getting Stays
20.9.2022, 15:44:29 - DEBUG - Getting Stays
20.9.2022, 15:46:21 - DEBUG - Getting Stays
20.9.2022, 15:46:51 - INFO - Server is running on port: 3030
20.9.2022, 15:47:14 - DEBUG - Getting Stays
20.9.2022, 15:47:21 - DEBUG - Getting Stays
20.9.2022, 15:47:23 - DEBUG - Getting Stays
20.9.2022, 15:51:54 - DEBUG - Getting Stays
20.9.2022, 15:52:42 - DEBUG - Getting Stays
20.9.2022, 15:52:52 - DEBUG - Getting Stays
20.9.2022, 15:52:56 - DEBUG - Getting Stays
20.9.2022, 15:53:42 - INFO - Server is running on port: 3030
20.9.2022, 15:53:52 - DEBUG - Getting Stays
20.9.2022, 15:54:04 - DEBUG - Getting Stays
20.9.2022, 15:54:07 - DEBUG - Getting Stays
20.9.2022, 15:54:50 - INFO - Server is running on port: 3030
20.9.2022, 15:55:17 - DEBUG - Getting Stays
20.9.2022, 15:55:29 - INFO - Server is running on port: 3030
20.9.2022, 15:55:36 - DEBUG - Getting Stays
20.9.2022, 15:55:45 - INFO - Server is running on port: 3030
20.9.2022, 15:55:48 - DEBUG - Getting Stays
20.9.2022, 15:55:55 - INFO - Server is running on port: 3030
20.9.2022, 15:55:58 - DEBUG - Getting Stays
20.9.2022, 15:56:08 - DEBUG - Getting Stays
20.9.2022, 15:56:13 - DEBUG - Getting Stays
20.9.2022, 15:56:23 - DEBUG - Getting Stays
20.9.2022, 15:56:25 - DEBUG - Getting Stays
20.9.2022, 15:56:27 - DEBUG - Getting Stays
20.9.2022, 15:56:28 - DEBUG - Getting Stays
20.9.2022, 15:56:30 - DEBUG - Getting Stays
20.9.2022, 15:56:39 - DEBUG - Getting Stays
20.9.2022, 15:56:45 - DEBUG - Getting Stays
20.9.2022, 15:57:01 - INFO - Server is running on port: 3030
20.9.2022, 15:57:04 - DEBUG - Getting Stays
20.9.2022, 15:57:18 - INFO - Server is running on port: 3030
20.9.2022, 15:57:23 - DEBUG - Getting Stays
20.9.2022, 15:58:01 - INFO - Server is running on port: 3030
20.9.2022, 15:58:02 - DEBUG - Getting Stays
20.9.2022, 15:59:31 - DEBUG - Getting Stays
20.9.2022, 16:01:19 - DEBUG - Getting Stays
20.9.2022, 16:04:30 - INFO - Server is running on port: 3030
20.9.2022, 16:04:33 - DEBUG - Getting Stays
20.9.2022, 16:04:56 - INFO - Server is running on port: 3030
20.9.2022, 16:04:59 - DEBUG - Getting Stays
20.9.2022, 16:05:22 - INFO - Server is running on port: 3030
20.9.2022, 16:05:24 - DEBUG - Getting Stays
20.9.2022, 16:05:33 - INFO - Server is running on port: 3030
20.9.2022, 16:05:41 - INFO - Server is running on port: 3030
20.9.2022, 16:05:43 - DEBUG - Getting Stays
20.9.2022, 16:07:01 - DEBUG - Getting Stays
20.9.2022, 16:07:05 - DEBUG - Getting Stays
20.9.2022, 16:07:11 - DEBUG - Getting Stays
20.9.2022, 16:07:13 - DEBUG - Getting Stays
20.9.2022, 16:07:17 - DEBUG - Getting Stays
20.9.2022, 16:07:20 - DEBUG - Getting Stays
20.9.2022, 16:07:24 - DEBUG - Getting Stays
20.9.2022, 16:07:26 - DEBUG - Getting Stays
20.9.2022, 16:07:28 - DEBUG - Getting Stays
20.9.2022, 16:07:33 - DEBUG - Getting Stays
20.9.2022, 16:07:38 - DEBUG - Getting Stays
20.9.2022, 16:07:53 - DEBUG - Getting Stays
20.9.2022, 16:07:57 - DEBUG - Getting Stays
20.9.2022, 16:08:04 - DEBUG - Getting Stays
20.9.2022, 16:08:06 - DEBUG - Getting Stays
20.9.2022, 16:08:08 - DEBUG - Getting Stays
20.9.2022, 16:08:12 - DEBUG - Getting Stays
20.9.2022, 16:08:15 - DEBUG - Getting Stays
20.9.2022, 16:08:31 - DEBUG - Getting Stays
20.9.2022, 16:08:37 - DEBUG - Getting Stays
20.9.2022, 16:08:41 - DEBUG - Getting Stays
20.9.2022, 16:08:56 - DEBUG - Getting Stays
20.9.2022, 16:08:58 - DEBUG - Getting Stays
20.9.2022, 16:09:00 - DEBUG - Getting Stays
20.9.2022, 16:09:03 - DEBUG - Getting Stays
20.9.2022, 16:09:05 - DEBUG - Getting Stays
20.9.2022, 16:09:06 - DEBUG - Getting Stays
20.9.2022, 16:09:08 - DEBUG - Getting Stays
20.9.2022, 16:09:13 - DEBUG - Getting Stays
20.9.2022, 16:09:40 - DEBUG - Getting Stays
20.9.2022, 16:09:44 - DEBUG - Getting Stays
20.9.2022, 16:09:51 - DEBUG - Getting Stays
20.9.2022, 16:09:58 - DEBUG - Getting Stays
20.9.2022, 16:10:04 - DEBUG - Getting Stays
20.9.2022, 16:10:13 - DEBUG - Getting Stays
20.9.2022, 16:10:19 - DEBUG - Getting Stays
20.9.2022, 16:10:28 - DEBUG - Getting Stays
20.9.2022, 16:11:07 - DEBUG - Getting Stays
20.9.2022, 16:11:17 - INFO - Server is running on port: 3030
20.9.2022, 16:11:19 - DEBUG - Getting Stays
20.9.2022, 16:11:55 - INFO - Server is running on port: 3030
20.9.2022, 16:11:57 - DEBUG - Getting Stays
20.9.2022, 16:12:17 - DEBUG - Getting Stays
20.9.2022, 16:12:20 - DEBUG - Getting Stays
20.9.2022, 16:12:55 - INFO - Server is running on port: 3030
20.9.2022, 16:14:24 - INFO - Server is running on port: 3030
20.9.2022, 16:14:26 - DEBUG - Getting Stays
20.9.2022, 16:14:29 - DEBUG - Getting Stays
20.9.2022, 16:14:30 - DEBUG - Getting Stays
20.9.2022, 16:15:51 - INFO - Server is running on port: 3030
20.9.2022, 16:16:08 - DEBUG - Getting Stays
20.9.2022, 16:16:09 - DEBUG - Getting Stays
20.9.2022, 16:16:13 - DEBUG - Getting Stays
20.9.2022, 16:16:14 - DEBUG - Getting Stays
20.9.2022, 16:16:18 - DEBUG - Getting Stays
20.9.2022, 16:16:21 - DEBUG - Getting Stays
20.9.2022, 16:16:24 - DEBUG - Getting Stays
20.9.2022, 16:16:26 - DEBUG - Getting Stays
20.9.2022, 16:16:28 - DEBUG - Getting Stays
20.9.2022, 16:16:31 - DEBUG - Getting Stays
20.9.2022, 16:16:33 - DEBUG - Getting Stays
20.9.2022, 16:16:34 - DEBUG - Getting Stays
20.9.2022, 16:16:37 - DEBUG - Getting Stays
20.9.2022, 16:16:42 - DEBUG - Getting Stays
20.9.2022, 16:16:46 - DEBUG - Getting Stays
20.9.2022, 16:16:51 - DEBUG - Getting Stays
20.9.2022, 16:16:53 - DEBUG - Getting Stays
20.9.2022, 16:17:10 - INFO - Server is running on port: 3030
20.9.2022, 16:17:13 - DEBUG - Getting Stays
20.9.2022, 16:17:43 - DEBUG - Getting Stays
20.9.2022, 16:17:56 - INFO - Server is running on port: 3030
20.9.2022, 16:18:05 - DEBUG - Getting Stays
20.9.2022, 16:18:40 - INFO - Server is running on port: 3030
20.9.2022, 16:18:56 - INFO - Server is running on port: 3030
20.9.2022, 16:19:00 - DEBUG - Getting Stays
20.9.2022, 16:19:21 - DEBUG - Getting Stays
20.9.2022, 16:19:25 - DEBUG - Getting Stays
20.9.2022, 16:19:31 - DEBUG - Getting Stays
20.9.2022, 16:19:41 - DEBUG - Getting Stays
20.9.2022, 16:19:42 - DEBUG - Getting Stays
20.9.2022, 16:19:44 - DEBUG - Getting Stays
20.9.2022, 16:20:05 - DEBUG - Getting Stays
20.9.2022, 16:20:15 - DEBUG - Getting Stays
20.9.2022, 16:20:19 - DEBUG - Getting Stays
20.9.2022, 16:20:24 - DEBUG - Getting Stays
20.9.2022, 16:20:43 - INFO - Server is running on port: 3030
20.9.2022, 16:20:46 - DEBUG - Getting Stays
20.9.2022, 16:20:52 - DEBUG - Getting Stays
20.9.2022, 16:21:12 - INFO - Server is running on port: 3030
20.9.2022, 16:21:19 - DEBUG - Getting Stays
20.9.2022, 16:21:49 - DEBUG - Getting Stays
20.9.2022, 16:21:52 - DEBUG - Getting Stays
20.9.2022, 16:22:00 - DEBUG - Getting Stays
20.9.2022, 16:22:14 - DEBUG - Getting Stays
20.9.2022, 16:22:41 - DEBUG - Getting Stays
20.9.2022, 16:22:46 - DEBUG - Getting Stays
20.9.2022, 16:23:00 - INFO - Server is running on port: 3030
20.9.2022, 16:23:01 - DEBUG - Getting Stays
20.9.2022, 16:23:28 - DEBUG - Getting Stays
20.9.2022, 16:23:30 - DEBUG - Getting Stays
20.9.2022, 16:23:39 - INFO - Server is running on port: 3030
20.9.2022, 16:23:42 - DEBUG - Getting Stays
20.9.2022, 16:26:14 - INFO - Server is running on port: 3030
20.9.2022, 16:26:19 - DEBUG - Getting Stays
20.9.2022, 16:26:26 - DEBUG - Getting Stays
20.9.2022, 16:26:54 - DEBUG - Getting Stays
20.9.2022, 16:27:01 - DEBUG - Getting Stays
20.9.2022, 16:27:04 - DEBUG - Getting Stays
20.9.2022, 16:27:07 - DEBUG - Getting Stays
20.9.2022, 16:27:07 - DEBUG - Getting Stays
20.9.2022, 16:27:14 - DEBUG - Getting Stays
20.9.2022, 16:27:18 - DEBUG - Getting Stays
20.9.2022, 16:27:30 - INFO - Server is running on port: 3030
20.9.2022, 16:27:32 - DEBUG - Getting Stays
20.9.2022, 16:27:50 - DEBUG - Getting Stays
20.9.2022, 16:27:54 - DEBUG - Getting Stays
20.9.2022, 16:28:04 - INFO - Server is running on port: 3030
20.9.2022, 16:28:08 - DEBUG - Getting Stays
20.9.2022, 16:28:51 - INFO - Server is running on port: 3030
20.9.2022, 16:28:52 - DEBUG - Getting Stays
20.9.2022, 16:29:02 - DEBUG - Getting Stays
20.9.2022, 16:30:14 - DEBUG - Getting Stays
20.9.2022, 16:30:20 - DEBUG - Getting Stays
20.9.2022, 16:30:22 - DEBUG - Getting Stays
20.9.2022, 16:30:27 - DEBUG - Getting Stays
20.9.2022, 16:32:44 - DEBUG - Getting Stays
20.9.2022, 16:32:52 - DEBUG - Getting Stays
20.9.2022, 16:33:02 - DEBUG - Getting Stays
20.9.2022, 16:34:44 - DEBUG - Getting Stays
20.9.2022, 16:34:45 - DEBUG - Getting Stays
20.9.2022, 16:35:51 - DEBUG - Getting Stays
20.9.2022, 16:37:27 - DEBUG - Getting Stays
20.9.2022, 16:37:34 - DEBUG - Getting Stays
20.9.2022, 16:37:45 - DEBUG - Getting Stays
20.9.2022, 16:38:12 - DEBUG - Getting Stays
20.9.2022, 16:39:29 - DEBUG - Getting Stays
20.9.2022, 16:39:40 - DEBUG - Getting Stays
20.9.2022, 16:39:42 - DEBUG - Getting Stays
20.9.2022, 16:39:47 - DEBUG - Getting Stays
20.9.2022, 16:39:49 - DEBUG - Getting Stays
20.9.2022, 16:40:06 - DEBUG - Getting Stays
20.9.2022, 16:40:08 - DEBUG - Getting Stays
20.9.2022, 16:40:19 - DEBUG - Getting Stays
20.9.2022, 16:41:31 - DEBUG - Getting Stays
20.9.2022, 16:41:40 - DEBUG - Getting Stays
20.9.2022, 16:41:55 - DEBUG - Getting Stays
20.9.2022, 16:41:58 - DEBUG - Getting Stays
20.9.2022, 16:42:03 - DEBUG - Getting Stays
20.9.2022, 16:43:34 - DEBUG - Getting Stays
20.9.2022, 16:44:33 - DEBUG - Getting Stays
20.9.2022, 16:45:01 - DEBUG - Getting Stays
20.9.2022, 16:46:54 - DEBUG - Getting Stays
20.9.2022, 16:46:57 - DEBUG - Getting Stays
20.9.2022, 16:47:02 - DEBUG - Getting Stays
20.9.2022, 16:47:09 - DEBUG - Getting Stays
20.9.2022, 16:47:11 - DEBUG - Getting Stays
20.9.2022, 16:47:20 - DEBUG - Getting Stays
20.9.2022, 16:48:03 - DEBUG - Getting Stays
20.9.2022, 16:48:10 - DEBUG - Getting Stays
20.9.2022, 16:48:29 - DEBUG - Getting Stays
20.9.2022, 16:48:40 - DEBUG - Getting Stays
20.9.2022, 16:48:46 - DEBUG - Getting Stays
20.9.2022, 16:48:51 - DEBUG - Getting Stays
20.9.2022, 16:50:31 - DEBUG - Getting Stays
20.9.2022, 16:50:34 - DEBUG - Getting Stays
20.9.2022, 16:50:37 - DEBUG - Getting Stays
20.9.2022, 16:50:39 - DEBUG - Getting Stays
20.9.2022, 16:51:06 - INFO - Server is running on port: 3030
20.9.2022, 16:51:09 - DEBUG - Getting Stays
20.9.2022, 16:51:15 - DEBUG - Getting Stays
20.9.2022, 16:51:17 - DEBUG - Getting Stays
20.9.2022, 16:51:20 - DEBUG - Getting Stays
20.9.2022, 16:51:22 - DEBUG - Getting Stays
20.9.2022, 16:51:26 - DEBUG - Getting Stays
20.9.2022, 16:51:27 - DEBUG - Getting Stays
20.9.2022, 16:51:30 - DEBUG - Getting Stays
20.9.2022, 16:51:33 - DEBUG - Getting Stays
20.9.2022, 16:51:35 - DEBUG - Getting Stays
20.9.2022, 16:51:41 - DEBUG - Getting Stays
20.9.2022, 16:51:58 - INFO - Server is running on port: 3030
20.9.2022, 16:52:36 - INFO - Server is running on port: 3030
20.9.2022, 16:54:15 - DEBUG - Getting Stays
20.9.2022, 16:54:21 - DEBUG - Getting Stays
20.9.2022, 16:54:23 - DEBUG - Getting Stays
20.9.2022, 16:54:25 - DEBUG - Getting Stays
20.9.2022, 16:54:25 - DEBUG - Getting Stays
20.9.2022, 16:55:24 - INFO - Server is running on port: 3030
20.9.2022, 16:55:27 - DEBUG - Getting Stays
20.9.2022, 16:55:37 - INFO - Server is running on port: 3030
20.9.2022, 16:56:05 - INFO - Server is running on port: 3030
20.9.2022, 16:56:08 - DEBUG - Getting Stays
20.9.2022, 16:56:20 - INFO - Server is running on port: 3030
20.9.2022, 16:56:24 - INFO - Server is running on port: 3030
20.9.2022, 16:56:28 - DEBUG - Getting Stays
20.9.2022, 16:57:26 - INFO - Server is running on port: 3030
20.9.2022, 16:57:31 - DEBUG - Getting Stays
20.9.2022, 16:57:44 - INFO - Server is running on port: 3030
20.9.2022, 16:57:46 - DEBUG - Getting Stays
20.9.2022, 16:57:55 - DEBUG - Getting Stays
20.9.2022, 16:57:57 - DEBUG - Getting Stays
20.9.2022, 16:58:00 - DEBUG - Getting Stays
20.9.2022, 16:58:02 - DEBUG - Getting Stays
20.9.2022, 16:58:04 - DEBUG - Getting Stays
20.9.2022, 16:58:05 - DEBUG - Getting Stays
20.9.2022, 16:58:06 - DEBUG - Getting Stays
20.9.2022, 16:58:11 - DEBUG - Getting Stays
20.9.2022, 16:58:50 - DEBUG - Getting Stays
20.9.2022, 16:59:04 - DEBUG - Getting Stays
20.9.2022, 16:59:16 - DEBUG - Getting Stays
20.9.2022, 16:59:46 - DEBUG - Getting Stays
20.9.2022, 17:00:08 - DEBUG - Getting Stays
20.9.2022, 17:00:23 - INFO - Server is running on port: 3030
20.9.2022, 17:00:44 - DEBUG - Getting Stays
20.9.2022, 17:12:38 - DEBUG - Getting Stays
20.9.2022, 17:12:39 - DEBUG - Getting Stays
20.9.2022, 17:14:09 - DEBUG - Getting Stays
20.9.2022, 17:15:08 - DEBUG - Getting Stays
20.9.2022, 17:16:40 - DEBUG - Getting Stays
20.9.2022, 17:17:13 - DEBUG - Getting Stays
20.9.2022, 17:17:17 - DEBUG - Getting Stays
20.9.2022, 17:17:56 - DEBUG - Getting Stays
20.9.2022, 17:18:35 - DEBUG - Getting Stays
20.9.2022, 17:19:19 - DEBUG - Getting Stays
20.9.2022, 17:20:39 - INFO - Server is running on port: 3030
20.9.2022, 17:20:49 - DEBUG - Getting Stays
20.9.2022, 17:21:17 - DEBUG - Getting Stays
20.9.2022, 17:21:20 - DEBUG - Getting Stays
20.9.2022, 17:21:22 - DEBUG - Getting Stays
20.9.2022, 17:21:24 - DEBUG - Getting Stays
20.9.2022, 17:21:24 - DEBUG - Getting Stays
20.9.2022, 17:21:25 - DEBUG - Getting Stays
20.9.2022, 17:21:28 - DEBUG - Getting Stays
20.9.2022, 17:21:30 - DEBUG - Getting Stays
20.9.2022, 17:21:35 - DEBUG - Getting Stays
20.9.2022, 17:23:40 - DEBUG - Getting Stays
20.9.2022, 17:24:33 - DEBUG - Getting Stays
20.9.2022, 17:30:03 - DEBUG - Getting Stays
20.9.2022, 17:32:09 - DEBUG - Getting Stays
20.9.2022, 17:32:39 - DEBUG - Getting Stays
20.9.2022, 17:32:41 - DEBUG - Getting Stays
20.9.2022, 17:32:57 - DEBUG - Getting Stays
20.9.2022, 17:37:34 - DEBUG - Getting Stays
20.9.2022, 17:38:54 - DEBUG - Getting Stays
20.9.2022, 17:40:32 - DEBUG - Getting Stays
20.9.2022, 17:42:20 - DEBUG - Getting Stays
20.9.2022, 17:42:29 - DEBUG - Getting Stays
20.9.2022, 17:42:30 - DEBUG - Getting Stays
20.9.2022, 17:42:45 - DEBUG - Getting Stays
20.9.2022, 17:48:15 - DEBUG - Getting Stays
20.9.2022, 17:48:55 - DEBUG - Getting Stays
20.9.2022, 17:51:03 - DEBUG - Getting Stays
20.9.2022, 17:54:41 - DEBUG - Getting Stays
20.9.2022, 17:54:45 - DEBUG - Getting Stays
20.9.2022, 17:55:02 - DEBUG - Getting Stays
20.9.2022, 17:56:37 - DEBUG - Getting Stays
20.9.2022, 17:56:40 - DEBUG - Getting Stays
20.9.2022, 18:02:25 - DEBUG - Getting Stays
20.9.2022, 18:02:27 - DEBUG - Getting Stays
20.9.2022, 18:02:28 - DEBUG - Getting Stays
20.9.2022, 18:02:30 - DEBUG - Getting Stays
20.9.2022, 18:02:31 - DEBUG - Getting Stays
20.9.2022, 18:02:34 - DEBUG - Getting Stays
20.9.2022, 18:04:31 - DEBUG - Getting Stays
20.9.2022, 18:04:33 - DEBUG - Getting Stays
20.9.2022, 18:04:36 - DEBUG - Getting Stays
20.9.2022, 18:05:56 - DEBUG - Getting Stays
20.9.2022, 18:06:04 - DEBUG - Getting Stays
20.9.2022, 18:06:06 - DEBUG - Getting Stays
20.9.2022, 18:06:09 - DEBUG - Getting Stays
20.9.2022, 18:06:14 - DEBUG - Getting Stays
20.9.2022, 18:07:54 - DEBUG - Getting Stays
20.9.2022, 18:11:37 - INFO - Server is running on port: 3030
20.9.2022, 18:12:19 - DEBUG - Getting Stays
20.9.2022, 18:14:30 - DEBUG - Getting Stays
20.9.2022, 18:15:50 - DEBUG - Getting Stays
20.9.2022, 18:16:05 - DEBUG - Getting Stays
20.9.2022, 18:16:08 - DEBUG - Getting Stays
20.9.2022, 18:17:02 - DEBUG - Getting Stays
20.9.2022, 18:17:22 - DEBUG - Getting Stays
20.9.2022, 18:17:26 - DEBUG - Getting Stays
20.9.2022, 18:17:27 - DEBUG - Getting Stays
20.9.2022, 18:17:28 - DEBUG - Getting Stays
20.9.2022, 18:17:30 - DEBUG - Getting Stays
20.9.2022, 18:17:32 - DEBUG - Getting Stays
20.9.2022, 18:17:34 - DEBUG - Getting Stays
20.9.2022, 18:17:37 - DEBUG - Getting Stays
20.9.2022, 18:17:38 - DEBUG - Getting Stays
20.9.2022, 18:17:40 - DEBUG - Getting Stays
20.9.2022, 18:17:43 - DEBUG - Getting Stays
20.9.2022, 18:17:44 - DEBUG - Getting Stays
20.9.2022, 18:17:46 - DEBUG - Getting Stays
20.9.2022, 18:17:48 - DEBUG - Getting Stays
20.9.2022, 18:18:23 - DEBUG - Getting Stays
20.9.2022, 18:18:25 - DEBUG - Getting Stays
20.9.2022, 18:18:27 - DEBUG - Getting Stays
20.9.2022, 18:18:36 - DEBUG - Getting Stays
20.9.2022, 18:18:41 - DEBUG - Getting Stays
20.9.2022, 18:27:12 - DEBUG - Getting Stays
20.9.2022, 18:27:19 - DEBUG - Getting Stays
20.9.2022, 18:32:24 - DEBUG - Getting Stays
20.9.2022, 18:32:53 - DEBUG - Getting Stays
20.9.2022, 18:33:06 - DEBUG - Getting Stays
20.9.2022, 18:33:22 - DEBUG - Getting Stays
20.9.2022, 20:11:10 - DEBUG - Getting Stays
20.9.2022, 20:13:42 - DEBUG - Getting Stays
20.9.2022, 20:15:33 - DEBUG - Getting Stays
20.9.2022, 20:15:50 - DEBUG - Getting Stays
20.9.2022, 20:16:03 - DEBUG - Getting Stays
20.9.2022, 20:16:45 - DEBUG - Getting Stays
20.9.2022, 20:16:47 - DEBUG - Getting Stays
20.9.2022, 20:17:25 - DEBUG - Getting Stays
20.9.2022, 20:24:04 - DEBUG - Getting Stays
20.9.2022, 20:29:18 - DEBUG - Getting Stays
20.9.2022, 20:29:25 - DEBUG - Getting Stays
20.9.2022, 20:29:32 - DEBUG - Getting Stays
20.9.2022, 20:29:35 - DEBUG - Getting Stays
20.9.2022, 20:29:38 - DEBUG - Getting Stays
20.9.2022, 20:29:43 - DEBUG - Getting Stays
20.9.2022, 20:29:44 - DEBUG - Getting Stays
20.9.2022, 20:29:56 - INFO - Server is running on port: 3030
20.9.2022, 20:30:37 - INFO - Server is running on port: 3030
20.9.2022, 20:39:31 - DEBUG - Getting Stays
20.9.2022, 20:41:19 - DEBUG - Getting Stays
20.9.2022, 20:41:54 - DEBUG - Getting Stays
20.9.2022, 20:42:03 - DEBUG - Getting Stays
20.9.2022, 20:46:21 - DEBUG - Getting Stays
20.9.2022, 21:29:03 - DEBUG - Getting Stays
20.9.2022, 21:29:22 - DEBUG - Getting Stays
20.9.2022, 21:39:42 - DEBUG - Getting Stays
20.9.2022, 21:39:47 - DEBUG - Getting Stays
20.9.2022, 21:43:48 - DEBUG - Getting Stays
20.9.2022, 21:43:52 - DEBUG - Getting Stays
20.9.2022, 21:44:11 - DEBUG - Getting Stays
20.9.2022, 21:44:24 - DEBUG - Getting Stays
20.9.2022, 21:44:38 - DEBUG - Getting Stays
20.9.2022, 21:56:35 - DEBUG - Getting Stays
20.9.2022, 21:56:37 - DEBUG - Getting Stays
20.9.2022, 22:00:09 - DEBUG - Getting Stays
20.9.2022, 22:01:03 - DEBUG - Getting Stays
20.9.2022, 22:02:07 - DEBUG - Getting Stays
20.9.2022, 22:39:10 - DEBUG - Getting Stays
20.9.2022, 22:39:15 - DEBUG - Getting Stays
20.9.2022, 22:43:11 - DEBUG - Getting Stays
20.9.2022, 22:46:39 - DEBUG - Getting Stays
20.9.2022, 22:46:52 - DEBUG - Getting Stays
20.9.2022, 22:47:03 - DEBUG - Getting Stays
20.9.2022, 22:49:44 - DEBUG - Getting Stays
20.9.2022, 22:50:41 - DEBUG - Getting Stays
20.9.2022, 22:51:35 - DEBUG - Getting Stays
20.9.2022, 22:52:02 - DEBUG - Getting Stays
20.9.2022, 22:54:28 - DEBUG - Getting Stays
20.9.2022, 22:55:55 - DEBUG - Getting Stays
20.9.2022, 22:59:12 - DEBUG - Getting Stays
20.9.2022, 22:59:57 - DEBUG - Getting Stays
20.9.2022, 23:00:13 - DEBUG - Getting Stays
20.9.2022, 23:00:37 - DEBUG - Getting Stays
20.9.2022, 23:03:02 - DEBUG - Getting Stays
20.9.2022, 23:05:06 - DEBUG - Getting Stays
20.9.2022, 23:07:07 - DEBUG - Getting Stays
20.9.2022, 23:09:08 - DEBUG - Getting Stays
20.9.2022, 23:09:30 - DEBUG - Getting Stays
20.9.2022, 23:11:31 - DEBUG - Getting Stays
20.9.2022, 23:12:10 - DEBUG - Getting Stays
20.9.2022, 23:14:16 - DEBUG - Getting Stays
20.9.2022, 23:14:51 - DEBUG - Getting Stays
20.9.2022, 23:18:54 - DEBUG - Getting Stays
20.9.2022, 23:20:09 - DEBUG - Getting Stays
20.9.2022, 23:24:31 - DEBUG - Getting Stays
20.9.2022, 23:24:34 - DEBUG - Getting Stays
20.9.2022, 23:24:36 - DEBUG - Getting Stays
20.9.2022, 23:24:46 - DEBUG - Getting Stays
20.9.2022, 23:24:48 - DEBUG - Getting Stays
20.9.2022, 23:24:50 - DEBUG - Getting Stays
20.9.2022, 23:24:52 - DEBUG - Getting Stays
20.9.2022, 23:25:08 - DEBUG - Getting Stays
20.9.2022, 23:25:10 - DEBUG - Getting Stays
20.9.2022, 23:25:11 - DEBUG - Getting Stays
20.9.2022, 23:25:13 - DEBUG - Getting Stays
20.9.2022, 23:25:39 - DEBUG - Getting Stays
20.9.2022, 23:25:41 - DEBUG - Getting Stays
20.9.2022, 23:25:57 - DEBUG - Getting Stays
20.9.2022, 23:26:09 - DEBUG - Getting Stays
20.9.2022, 23:26:12 - DEBUG - Getting Stays
20.9.2022, 23:26:22 - DEBUG - Getting Stays
20.9.2022, 23:26:26 - DEBUG - Getting Stays
20.9.2022, 23:26:30 - DEBUG - Getting Stays
20.9.2022, 23:27:41 - DEBUG - Getting Stays
20.9.2022, 23:31:41 - DEBUG - Getting Stays
20.9.2022, 23:34:21 - DEBUG - Getting Stays
20.9.2022, 23:34:54 - DEBUG - Getting Stays
20.9.2022, 23:35:29 - DEBUG - Getting Stays
20.9.2022, 23:35:34 - DEBUG - Getting Stays
20.9.2022, 23:35:42 - DEBUG - Getting Stays
20.9.2022, 23:35:52 - DEBUG - Getting Stays
20.9.2022, 23:36:11 - DEBUG - Getting Stays
20.9.2022, 23:36:43 - DEBUG - Getting Stays
20.9.2022, 23:36:47 - DEBUG - Getting Stays
20.9.2022, 23:37:26 - DEBUG - Getting Stays
20.9.2022, 23:40:35 - DEBUG - Getting Stays
20.9.2022, 23:41:12 - DEBUG - Getting Stays
20.9.2022, 23:41:20 - DEBUG - Getting Stays
20.9.2022, 23:41:31 - DEBUG - Getting Stays
20.9.2022, 23:41:34 - DEBUG - Getting Stays
20.9.2022, 23:41:36 - DEBUG - Getting Stays
20.9.2022, 23:47:01 - INFO - Server is running on port: 3030
20.9.2022, 23:47:14 - DEBUG - Getting Stays
20.9.2022, 23:47:16 - DEBUG - Getting Stays
20.9.2022, 23:47:23 - INFO - Server is running on port: 3030
20.9.2022, 23:47:28 - INFO - Server is running on port: 3030
20.9.2022, 23:47:31 - DEBUG - Getting Stays
20.9.2022, 23:47:33 - DEBUG - Getting Stays
20.9.2022, 23:47:37 - DEBUG - Getting Stays
20.9.2022, 23:47:38 - DEBUG - Getting Stays
20.9.2022, 23:47:45 - INFO - Server is running on port: 3030
20.9.2022, 23:47:52 - DEBUG - Getting Stays
20.9.2022, 23:48:36 - INFO - Server is running on port: 3030
20.9.2022, 23:49:00 - INFO - Server is running on port: 3030
20.9.2022, 23:49:05 - DEBUG - Getting Stays
20.9.2022, 23:49:07 - DEBUG - Getting Stays
20.9.2022, 23:49:32 - DEBUG - Getting Stays
20.9.2022, 23:49:34 - DEBUG - Getting Stays
20.9.2022, 23:49:36 - DEBUG - Getting Stays
20.9.2022, 23:52:39 - INFO - Server is running on port: 3030
20.9.2022, 23:58:00 - INFO - Server is running on port: 3030
20.9.2022, 23:58:02 - DEBUG - Getting Stays
20.9.2022, 23:58:03 - DEBUG - Getting Stays
20.9.2022, 23:58:07 - DEBUG - Getting Stays
20.9.2022, 23:58:08 - DEBUG - Getting Stays
20.9.2022, 23:58:12 - DEBUG - Getting Stays
20.9.2022, 23:58:14 - DEBUG - Getting Stays
21.9.2022, 0:05:49 - DEBUG - Getting Stays
21.9.2022, 0:06:18 - INFO - Server is running on port: 3030
21.9.2022, 0:06:29 - DEBUG - Getting Stays
21.9.2022, 0:06:35 - DEBUG - Getting Stays
21.9.2022, 0:09:49 - DEBUG - Getting Stays
21.9.2022, 0:14:04 - DEBUG - Getting Stays
21.9.2022, 0:14:36 - DEBUG - Getting Stays
21.9.2022, 0:14:40 - DEBUG - Getting Stays
21.9.2022, 0:16:45 - DEBUG - Getting Stays
21.9.2022, 0:25:40 - DEBUG - Getting Stays
21.9.2022, 0:25:45 - DEBUG - Getting Stays
21.9.2022, 0:26:01 - DEBUG - Getting Stays
21.9.2022, 0:26:28 - DEBUG - Getting Stays
21.9.2022, 0:26:32 - DEBUG - Getting Stays
21.9.2022, 0:26:40 - DEBUG - Getting Stays
21.9.2022, 0:27:42 - DEBUG - Getting Stays
21.9.2022, 0:28:37 - DEBUG - Getting Stays
21.9.2022, 0:31:05 - DEBUG - Getting Stays
21.9.2022, 0:31:14 - DEBUG - Getting Stays
21.9.2022, 0:32:04 - DEBUG - Getting Stays
21.9.2022, 0:32:42 - DEBUG - Getting Stays
21.9.2022, 0:33:58 - DEBUG - Getting Stays
21.9.2022, 0:38:34 - DEBUG - Getting Stays
21.9.2022, 0:39:25 - DEBUG - Getting Stays
21.9.2022, 0:40:16 - DEBUG - Getting Stays
21.9.2022, 0:43:29 - DEBUG - Getting Stays
21.9.2022, 0:44:13 - DEBUG - Getting Stays
21.9.2022, 0:44:18 - DEBUG - Getting Stays
21.9.2022, 0:44:28 - DEBUG - Getting Stays
21.9.2022, 0:44:45 - DEBUG - Getting Stays
21.9.2022, 0:45:57 - DEBUG - Getting Stays
21.9.2022, 0:46:01 - DEBUG - Getting Stays
21.9.2022, 0:46:06 - DEBUG - Getting Stays
21.9.2022, 0:47:06 - DEBUG - Getting Stays
21.9.2022, 0:47:09 - DEBUG - Getting Stays
21.9.2022, 0:47:09 - DEBUG - Getting Stays
21.9.2022, 0:47:12 - DEBUG - Getting Stays
21.9.2022, 0:47:13 - DEBUG - Getting Stays
21.9.2022, 0:47:20 - DEBUG - Getting Stays
21.9.2022, 0:47:27 - DEBUG - Getting Stays
21.9.2022, 0:47:31 - DEBUG - Getting Stays
21.9.2022, 0:47:53 - DEBUG - Getting Stays
21.9.2022, 0:47:58 - DEBUG - Getting Stays
21.9.2022, 0:48:03 - DEBUG - Getting Stays
21.9.2022, 0:48:05 - DEBUG - Getting Stays
21.9.2022, 0:48:08 - DEBUG - Getting Stays
21.9.2022, 0:48:13 - DEBUG - Getting Stays
21.9.2022, 0:48:16 - DEBUG - Getting Stays
21.9.2022, 0:51:06 - DEBUG - Getting Stays
21.9.2022, 0:51:22 - DEBUG - Getting Stays
21.9.2022, 0:51:44 - DEBUG - Getting Stays
21.9.2022, 0:51:49 - DEBUG - Getting Stays
21.9.2022, 0:51:50 - DEBUG - Getting Stays
21.9.2022, 0:51:58 - DEBUG - Getting Stays
21.9.2022, 0:54:27 - DEBUG - Getting Stays
21.9.2022, 0:54:44 - DEBUG - Getting Stays
21.9.2022, 0:55:30 - DEBUG - Getting Stays
21.9.2022, 0:55:36 - DEBUG - Getting Stays
21.9.2022, 0:58:02 - DEBUG - Getting Stays
21.9.2022, 0:58:05 - DEBUG - Getting Stays
21.9.2022, 0:58:12 - DEBUG - Getting Stays
21.9.2022, 0:58:17 - DEBUG - Getting Stays
21.9.2022, 0:59:14 - DEBUG - Getting Stays
21.9.2022, 0:59:28 - DEBUG - Getting Stays
21.9.2022, 1:00:01 - DEBUG - Getting Stays
21.9.2022, 1:07:27 - DEBUG - Getting Stays
21.9.2022, 1:09:34 - DEBUG - Getting Stays
21.9.2022, 1:09:57 - DEBUG - Getting Stays
21.9.2022, 1:09:59 - DEBUG - Getting Stays
21.9.2022, 1:10:50 - DEBUG - Getting Stays
21.9.2022, 1:20:28 - DEBUG - Getting Stays
21.9.2022, 1:20:35 - DEBUG - Getting Stays
21.9.2022, 1:20:44 - DEBUG - Getting Stays
21.9.2022, 1:20:52 - DEBUG - Getting Stays
21.9.2022, 1:21:32 - DEBUG - Getting Stays
21.9.2022, 1:21:35 - DEBUG - Getting Stays
21.9.2022, 1:21:36 - DEBUG - Getting Stays
21.9.2022, 1:21:57 - DEBUG - Getting Stays
21.9.2022, 1:22:00 - DEBUG - Getting Stays
21.9.2022, 1:22:04 - DEBUG - Getting Stays
21.9.2022, 1:22:21 - DEBUG - Getting Stays
21.9.2022, 1:22:23 - DEBUG - Getting Stays
21.9.2022, 1:22:23 - DEBUG - Getting Stays
21.9.2022, 1:22:23 - DEBUG - Getting Stays
21.9.2022, 1:22:28 - DEBUG - Getting Stays
21.9.2022, 1:23:24 - DEBUG - Getting Stays
21.9.2022, 1:23:45 - DEBUG - Getting Stays
21.9.2022, 1:23:59 - DEBUG - Getting Stays
21.9.2022, 1:26:18 - DEBUG - Getting Stays
21.9.2022, 1:27:09 - DEBUG - Getting Stays
21.9.2022, 1:27:22 - DEBUG - Getting Stays
21.9.2022, 1:27:23 - DEBUG - Getting Stays
21.9.2022, 1:27:25 - DEBUG - Getting Stays
21.9.2022, 1:27:26 - DEBUG - Getting Stays
21.9.2022, 1:27:51 - DEBUG - Getting Stays
21.9.2022, 1:28:08 - DEBUG - Getting Stays
21.9.2022, 1:30:10 - DEBUG - Getting Stays
21.9.2022, 1:34:47 - DEBUG - Getting Stays
21.9.2022, 1:34:48 - DEBUG - Getting Stays
21.9.2022, 1:36:31 - DEBUG - Getting Stays
21.9.2022, 1:36:35 - DEBUG - Getting Stays
21.9.2022, 1:37:59 - DEBUG - Getting Stays
21.9.2022, 1:38:03 - DEBUG - Getting Stays
21.9.2022, 1:38:08 - DEBUG - Getting Stays
21.9.2022, 1:38:36 - DEBUG - Getting Stays
21.9.2022, 1:40:52 - DEBUG - Getting Stays
21.9.2022, 1:41:02 - DEBUG - Getting Stays
21.9.2022, 1:41:38 - DEBUG - Getting Stays
21.9.2022, 1:42:01 - DEBUG - Getting Stays
21.9.2022, 1:42:57 - DEBUG - Getting Stays
21.9.2022, 1:42:59 - DEBUG - Getting Stays
21.9.2022, 1:43:05 - DEBUG - Getting Stays
21.9.2022, 1:43:06 - DEBUG - Getting Stays
21.9.2022, 1:43:06 - DEBUG - Getting Stays
21.9.2022, 1:43:09 - DEBUG - Getting Stays
21.9.2022, 1:43:10 - DEBUG - Getting Stays
21.9.2022, 1:43:17 - DEBUG - Getting Stays
21.9.2022, 1:43:21 - DEBUG - Getting Stays
21.9.2022, 1:50:14 - DEBUG - Getting Stays
21.9.2022, 1:50:14 - DEBUG - Getting Stays
21.9.2022, 1:50:36 - DEBUG - Getting Stays
21.9.2022, 1:50:36 - DEBUG - Getting Stays
21.9.2022, 1:50:42 - DEBUG - Getting Stays
21.9.2022, 1:50:44 - DEBUG - Getting Stays
21.9.2022, 1:51:01 - DEBUG - Getting Stays
21.9.2022, 1:51:06 - DEBUG - Getting Stays
21.9.2022, 1:51:11 - DEBUG - Getting Stays
21.9.2022, 1:51:13 - DEBUG - Getting Stays
21.9.2022, 1:51:13 - DEBUG - Getting Stays
21.9.2022, 1:51:16 - DEBUG - Getting Stays
21.9.2022, 1:51:21 - DEBUG - Getting Stays
21.9.2022, 1:51:24 - DEBUG - Getting Stays
21.9.2022, 1:51:24 - DEBUG - Getting Stays
21.9.2022, 1:51:26 - DEBUG - Getting Stays
21.9.2022, 1:51:26 - DEBUG - Getting Stays
21.9.2022, 1:51:31 - DEBUG - Getting Stays
21.9.2022, 1:51:42 - DEBUG - Getting Stays
21.9.2022, 1:52:37 - DEBUG - Getting Stays
21.9.2022, 1:52:39 - DEBUG - Getting Stays
21.9.2022, 1:52:58 - DEBUG - Getting Stays
21.9.2022, 1:53:04 - DEBUG - Getting Stays
21.9.2022, 1:54:05 - DEBUG - Getting Stays
21.9.2022, 1:54:05 - DEBUG - Getting Stays
21.9.2022, 1:54:06 - DEBUG - Getting Stays
21.9.2022, 1:54:20 - DEBUG - Getting Stays
21.9.2022, 1:54:26 - DEBUG - Getting Stays
21.9.2022, 1:54:55 - DEBUG - Getting Stays
21.9.2022, 1:54:57 - DEBUG - Getting Stays
21.9.2022, 1:54:57 - DEBUG - Getting Stays
21.9.2022, 1:55:00 - DEBUG - Getting Stays
21.9.2022, 1:55:03 - DEBUG - Getting Stays
21.9.2022, 1:55:07 - DEBUG - Getting Stays
21.9.2022, 1:55:09 - DEBUG - Getting Stays
21.9.2022, 1:55:10 - DEBUG - Getting Stays
21.9.2022, 1:55:10 - DEBUG - Getting Stays
21.9.2022, 1:55:12 - DEBUG - Getting Stays
21.9.2022, 1:55:26 - DEBUG - Getting Stays
21.9.2022, 1:55:34 - DEBUG - Getting Stays
21.9.2022, 1:55:35 - DEBUG - Getting Stays
21.9.2022, 1:55:36 - DEBUG - Getting Stays
21.9.2022, 1:55:36 - DEBUG - Getting Stays
21.9.2022, 1:55:37 - DEBUG - Getting Stays
21.9.2022, 1:55:40 - DEBUG - Getting Stays
21.9.2022, 1:55:40 - DEBUG - Getting Stays
21.9.2022, 1:55:41 - DEBUG - Getting Stays
21.9.2022, 1:55:41 - DEBUG - Getting Stays
21.9.2022, 1:55:41 - DEBUG - Getting Stays
21.9.2022, 1:55:42 - DEBUG - Getting Stays
21.9.2022, 1:55:46 - DEBUG - Getting Stays
21.9.2022, 1:55:48 - DEBUG - Getting Stays
21.9.2022, 1:55:49 - DEBUG - Getting Stays
21.9.2022, 1:55:51 - DEBUG - Getting Stays
21.9.2022, 1:55:53 - DEBUG - Getting Stays
21.9.2022, 1:55:54 - DEBUG - Getting Stays
21.9.2022, 1:56:09 - DEBUG - Getting Stays
21.9.2022, 1:56:20 - DEBUG - Getting Stays
21.9.2022, 1:56:25 - DEBUG - Getting Stays
21.9.2022, 1:56:29 - DEBUG - Getting Stays
21.9.2022, 1:56:31 - DEBUG - Getting Stays
21.9.2022, 1:56:37 - DEBUG - Getting Stays
21.9.2022, 1:56:39 - DEBUG - Getting Stays
21.9.2022, 1:56:41 - DEBUG - Getting Stays
21.9.2022, 2:00:27 - DEBUG - Getting Stays
21.9.2022, 2:00:27 - ERROR - Failed to get stays | {}
21.9.2022, 2:00:28 - DEBUG - Getting Stays
21.9.2022, 2:00:28 - ERROR - Failed to get stays | {}
21.9.2022, 2:00:28 - DEBUG - Getting Stays
21.9.2022, 2:00:28 - ERROR - Failed to get stays | {}
21.9.2022, 2:00:41 - DEBUG - Getting Stays
21.9.2022, 2:00:42 - DEBUG - Getting Stays
21.9.2022, 2:00:43 - DEBUG - Getting Stays
21.9.2022, 2:00:47 - DEBUG - Getting Stays
21.9.2022, 2:01:53 - DEBUG - Getting Stays
21.9.2022, 2:01:54 - DEBUG - Getting Stays
21.9.2022, 2:01:54 - DEBUG - Getting Stays
21.9.2022, 2:01:56 - DEBUG - Getting Stays
21.9.2022, 2:01:56 - DEBUG - Getting Stays
21.9.2022, 2:03:49 - DEBUG - Getting Stays
21.9.2022, 2:03:50 - DEBUG - Getting Stays
21.9.2022, 2:03:50 - DEBUG - Getting Stays
21.9.2022, 2:03:56 - DEBUG - Getting Stays
21.9.2022, 2:04:05 - DEBUG - Getting Stays
21.9.2022, 2:04:08 - DEBUG - Getting Stays
21.9.2022, 2:04:10 - DEBUG - Getting Stays
21.9.2022, 2:04:42 - DEBUG - Getting Stays
21.9.2022, 2:04:42 - DEBUG - Getting Stays
21.9.2022, 2:04:43 - DEBUG - Getting Stays
21.9.2022, 2:04:57 - DEBUG - Getting Stays
21.9.2022, 2:04:57 - DEBUG - Getting Stays
21.9.2022, 2:04:58 - DEBUG - Getting Stays
21.9.2022, 2:05:27 - DEBUG - Getting Stays
21.9.2022, 2:05:28 - DEBUG - Getting Stays
21.9.2022, 2:05:29 - DEBUG - Getting Stays
21.9.2022, 2:05:41 - DEBUG - Getting Stays
21.9.2022, 2:06:59 - DEBUG - Getting Stays
21.9.2022, 2:07:00 - DEBUG - Getting Stays
21.9.2022, 2:07:01 - DEBUG - Getting Stays
21.9.2022, 2:07:34 - DEBUG - Getting Stays
21.9.2022, 2:07:34 - DEBUG - Getting Stays
21.9.2022, 2:08:35 - DEBUG - Getting Stays
21.9.2022, 2:08:48 - DEBUG - Getting Stays
21.9.2022, 2:08:49 - DEBUG - Getting Stays
21.9.2022, 2:09:04 - DEBUG - Getting Stays
21.9.2022, 2:09:12 - DEBUG - Getting Stays
21.9.2022, 2:09:39 - DEBUG - Getting Stays
21.9.2022, 2:10:20 - DEBUG - Getting Stays
21.9.2022, 2:10:55 - DEBUG - Getting Stays
21.9.2022, 2:10:56 - DEBUG - Getting Stays
21.9.2022, 2:12:55 - DEBUG - Getting Stays
21.9.2022, 2:12:59 - DEBUG - Getting Stays
21.9.2022, 2:13:08 - DEBUG - Getting Stays
21.9.2022, 2:13:28 - DEBUG - Getting Stays
21.9.2022, 2:14:46 - DEBUG - Getting Stays
21.9.2022, 2:15:07 - DEBUG - Getting Stays
21.9.2022, 2:15:40 - DEBUG - Getting Stays
21.9.2022, 2:15:44 - DEBUG - Getting Stays
21.9.2022, 2:15:51 - DEBUG - Getting Stays
21.9.2022, 2:16:02 - DEBUG - Getting Stays
21.9.2022, 2:16:08 - DEBUG - Getting Stays
21.9.2022, 2:16:17 - DEBUG - Getting Stays
21.9.2022, 2:18:19 - DEBUG - Getting Stays
21.9.2022, 2:18:19 - DEBUG - Getting Stays
21.9.2022, 2:18:41 - DEBUG - Getting Stays
21.9.2022, 2:18:45 - DEBUG - Getting Stays
21.9.2022, 2:18:49 - DEBUG - Getting Stays
21.9.2022, 2:19:13 - DEBUG - Getting Stays
21.9.2022, 2:19:14 - DEBUG - Getting Stays
21.9.2022, 2:19:30 - DEBUG - Getting Stays
21.9.2022, 2:19:31 - DEBUG - Getting Stays
21.9.2022, 2:19:32 - DEBUG - Getting Stays
21.9.2022, 2:20:08 - DEBUG - Getting Stays
21.9.2022, 2:20:11 - DEBUG - Getting Stays
21.9.2022, 2:20:13 - DEBUG - Getting Stays
21.9.2022, 2:22:04 - DEBUG - Getting Stays
21.9.2022, 2:22:06 - DEBUG - Getting Stays
21.9.2022, 2:22:06 - DEBUG - Getting Stays
21.9.2022, 2:22:08 - DEBUG - Getting Stays
21.9.2022, 2:23:29 - DEBUG - Getting Stays
21.9.2022, 2:23:30 - DEBUG - Getting Stays
21.9.2022, 2:23:31 - DEBUG - Getting Stays
21.9.2022, 2:23:33 - DEBUG - Getting Stays
21.9.2022, 2:25:24 - DEBUG - Getting Stays
21.9.2022, 2:25:29 - DEBUG - Getting Stays
21.9.2022, 2:26:47 - DEBUG - Getting Stays
21.9.2022, 2:26:48 - DEBUG - Getting Stays
21.9.2022, 2:27:16 - DEBUG - Getting Stays
21.9.2022, 2:27:17 - DEBUG - Getting Stays
21.9.2022, 2:27:18 - DEBUG - Getting Stays
21.9.2022, 2:27:23 - DEBUG - Getting Stays
21.9.2022, 2:27:28 - DEBUG - Getting Stays
21.9.2022, 2:27:38 - DEBUG - Getting Stays
21.9.2022, 2:27:42 - DEBUG - Getting Stays
21.9.2022, 2:27:45 - DEBUG - Getting Stays
21.9.2022, 2:27:56 - DEBUG - Getting Stays
21.9.2022, 2:28:10 - DEBUG - Getting Stays
21.9.2022, 2:28:25 - DEBUG - Getting Stays
21.9.2022, 2:28:35 - DEBUG - Getting Stays
21.9.2022, 2:28:57 - DEBUG - Getting Stays
21.9.2022, 2:29:06 - DEBUG - Getting Stays
21.9.2022, 2:29:11 - DEBUG - Getting Stays
21.9.2022, 2:29:17 - DEBUG - Getting Stays
21.9.2022, 2:29:20 - DEBUG - Getting Stays
21.9.2022, 2:29:30 - DEBUG - Getting Stays
21.9.2022, 2:29:35 - DEBUG - Getting Stays
21.9.2022, 2:29:37 - DEBUG - Getting Stays
21.9.2022, 2:29:48 - DEBUG - Getting Stays
21.9.2022, 2:29:49 - DEBUG - Getting Stays
21.9.2022, 2:30:10 - DEBUG - Getting Stays
21.9.2022, 2:32:14 - DEBUG - Getting Stays
21.9.2022, 2:32:28 - DEBUG - Getting Stays
21.9.2022, 2:32:41 - DEBUG - Getting Stays
21.9.2022, 2:32:52 - DEBUG - Getting Stays
21.9.2022, 2:35:20 - DEBUG - Getting Stays
21.9.2022, 2:35:21 - DEBUG - Getting Stays
21.9.2022, 2:35:22 - DEBUG - Getting Stays
21.9.2022, 2:35:22 - DEBUG - Getting Stays
21.9.2022, 2:37:05 - DEBUG - Getting Stays
21.9.2022, 2:37:05 - DEBUG - Getting Stays
21.9.2022, 2:37:06 - DEBUG - Getting Stays
21.9.2022, 2:37:06 - DEBUG - Getting Stays
21.9.2022, 2:37:17 - DEBUG - Getting Stays
21.9.2022, 2:37:23 - DEBUG - Getting Stays
21.9.2022, 2:37:27 - DEBUG - Getting Stays
21.9.2022, 2:37:33 - DEBUG - Getting Stays
21.9.2022, 2:50:11 - DEBUG - Getting Stays
21.9.2022, 2:50:12 - DEBUG - Getting Stays
21.9.2022, 2:51:54 - DEBUG - Getting Stays
21.9.2022, 2:51:54 - DEBUG - Getting Stays
21.9.2022, 2:52:40 - DEBUG - Getting Stays
21.9.2022, 2:52:44 - DEBUG - Getting Stays
21.9.2022, 2:52:44 - ERROR - Failed to get stays | {}
21.9.2022, 2:53:10 - DEBUG - Getting Stays
21.9.2022, 2:53:10 - DEBUG - Getting Stays
21.9.2022, 2:53:10 - ERROR - Failed to get stays | {}
21.9.2022, 2:53:26 - DEBUG - Getting Stays
21.9.2022, 2:53:35 - DEBUG - Getting Stays
21.9.2022, 2:53:35 - ERROR - Failed to get stays | {}
21.9.2022, 2:53:42 - DEBUG - Getting Stays
21.9.2022, 2:54:54 - DEBUG - Getting Stays
21.9.2022, 2:54:54 - DEBUG - Getting Stays
21.9.2022, 2:55:02 - DEBUG - Getting Stays
21.9.2022, 2:55:02 - ERROR - Failed to get stays | {}
21.9.2022, 2:57:26 - DEBUG - Getting Stays
21.9.2022, 2:58:32 - DEBUG - Getting Stays
21.9.2022, 2:58:36 - DEBUG - Getting Stays
21.9.2022, 2:58:53 - DEBUG - Getting Stays
21.9.2022, 2:58:57 - DEBUG - Getting Stays
21.9.2022, 2:59:06 - DEBUG - Getting Stays
21.9.2022, 2:59:08 - DEBUG - Getting Stays
21.9.2022, 2:59:09 - DEBUG - Getting Stays
21.9.2022, 2:59:09 - DEBUG - Getting Stays
21.9.2022, 2:59:10 - DEBUG - Getting Stays
21.9.2022, 2:59:11 - DEBUG - Getting Stays
21.9.2022, 2:59:12 - DEBUG - Getting Stays
21.9.2022, 2:59:12 - DEBUG - Getting Stays
21.9.2022, 2:59:13 - DEBUG - Getting Stays
21.9.2022, 2:59:14 - DEBUG - Getting Stays
21.9.2022, 2:59:15 - DEBUG - Getting Stays
21.9.2022, 2:59:16 - DEBUG - Getting Stays
21.9.2022, 2:59:17 - DEBUG - Getting Stays
21.9.2022, 2:59:18 - DEBUG - Getting Stays
21.9.2022, 2:59:20 - DEBUG - Getting Stays
21.9.2022, 2:59:21 - DEBUG - Getting Stays
21.9.2022, 2:59:22 - DEBUG - Getting Stays
21.9.2022, 2:59:22 - DEBUG - Getting Stays
21.9.2022, 2:59:23 - DEBUG - Getting Stays
21.9.2022, 2:59:24 - DEBUG - Getting Stays
21.9.2022, 2:59:25 - DEBUG - Getting Stays
21.9.2022, 2:59:26 - DEBUG - Getting Stays
21.9.2022, 2:59:26 - DEBUG - Getting Stays
21.9.2022, 2:59:27 - DEBUG - Getting Stays
21.9.2022, 2:59:27 - DEBUG - Getting Stays
21.9.2022, 2:59:28 - DEBUG - Getting Stays
21.9.2022, 2:59:29 - DEBUG - Getting Stays
21.9.2022, 2:59:32 - DEBUG - Getting Stays
21.9.2022, 2:59:33 - DEBUG - Getting Stays
21.9.2022, 2:59:35 - DEBUG - Getting Stays
21.9.2022, 2:59:35 - DEBUG - Getting Stays
21.9.2022, 2:59:39 - DEBUG - Getting Stays
21.9.2022, 2:59:50 - DEBUG - Getting Stays
21.9.2022, 3:00:08 - DEBUG - Getting Stays
21.9.2022, 3:00:09 - DEBUG - Getting Stays
21.9.2022, 3:00:18 - DEBUG - Getting Stays
21.9.2022, 3:00:22 - DEBUG - Getting Stays
21.9.2022, 3:00:29 - DEBUG - Getting Stays
21.9.2022, 3:01:24 - DEBUG - Getting Stays
21.9.2022, 3:01:33 - DEBUG - Getting Stays
21.9.2022, 3:02:03 - DEBUG - Getting Stays
21.9.2022, 3:03:06 - DEBUG - Getting Stays
21.9.2022, 3:03:06 - DEBUG - Getting Stays
21.9.2022, 3:03:06 - DEBUG - Getting Stays
21.9.2022, 3:03:06 - DEBUG - Getting Stays
21.9.2022, 3:03:07 - DEBUG - Getting Stays
21.9.2022, 3:03:07 - DEBUG - Getting Stays
21.9.2022, 3:03:32 - DEBUG - Getting Stays
21.9.2022, 3:03:32 - DEBUG - Getting Stays
21.9.2022, 3:03:32 - DEBUG - Getting Stays
21.9.2022, 3:03:32 - DEBUG - Getting Stays
21.9.2022, 3:03:32 - DEBUG - Getting Stays
21.9.2022, 3:03:32 - DEBUG - Getting Stays
21.9.2022, 3:03:48 - DEBUG - Getting Stays
21.9.2022, 3:03:53 - DEBUG - Getting Stays
21.9.2022, 3:04:02 - DEBUG - Getting Stays
21.9.2022, 3:04:06 - DEBUG - Getting Stays
21.9.2022, 3:04:10 - DEBUG - Getting Stays
21.9.2022, 3:04:10 - ERROR - Failed to get stays | {}
21.9.2022, 3:04:10 - DEBUG - Getting Stays
21.9.2022, 3:04:10 - ERROR - Failed to get stays | {}
21.9.2022, 3:04:11 - DEBUG - Getting Stays
21.9.2022, 3:04:18 - DEBUG - Getting Stays
21.9.2022, 3:04:24 - DEBUG - Getting Stays
21.9.2022, 3:04:24 - DEBUG - Getting Stays
21.9.2022, 3:04:25 - DEBUG - Getting Stays
21.9.2022, 3:04:26 - DEBUG - Getting Stays
21.9.2022, 3:04:28 - DEBUG - Getting Stays
21.9.2022, 3:04:31 - DEBUG - Getting Stays
21.9.2022, 3:04:35 - DEBUG - Getting Stays
21.9.2022, 3:04:37 - DEBUG - Getting Stays
21.9.2022, 3:04:41 - DEBUG - Getting Stays
21.9.2022, 3:04:44 - DEBUG - Getting Stays
21.9.2022, 3:04:50 - DEBUG - Getting Stays
21.9.2022, 3:04:59 - DEBUG - Getting Stays
21.9.2022, 3:05:00 - DEBUG - Getting Stays
21.9.2022, 3:05:07 - DEBUG - Getting Stays
21.9.2022, 3:05:08 - DEBUG - Getting Stays
21.9.2022, 3:05:08 - DEBUG - Getting Stays
21.9.2022, 3:05:09 - DEBUG - Getting Stays
21.9.2022, 3:05:47 - DEBUG - Getting Stays
21.9.2022, 3:05:48 - DEBUG - Getting Stays
21.9.2022, 3:05:53 - DEBUG - Getting Stays
21.9.2022, 3:05:53 - ERROR - Failed to get stays | {}
21.9.2022, 3:05:53 - DEBUG - Getting Stays
21.9.2022, 3:05:53 - ERROR - Failed to get stays | {}
21.9.2022, 3:05:53 - DEBUG - Getting Stays
21.9.2022, 3:05:56 - DEBUG - Getting Stays
21.9.2022, 3:05:56 - ERROR - Failed to get stays | {}
21.9.2022, 3:05:56 - DEBUG - Getting Stays
21.9.2022, 3:05:56 - ERROR - Failed to get stays | {}
21.9.2022, 3:05:56 - DEBUG - Getting Stays
21.9.2022, 3:06:02 - DEBUG - Getting Stays
21.9.2022, 3:06:02 - ERROR - Failed to get stays | {}
21.9.2022, 3:06:02 - DEBUG - Getting Stays
21.9.2022, 3:06:02 - ERROR - Failed to get stays | {}
21.9.2022, 3:06:02 - DEBUG - Getting Stays
21.9.2022, 3:11:29 - DEBUG - Getting Stays
21.9.2022, 3:11:29 - ERROR - Failed to get stays | {}
21.9.2022, 3:11:29 - DEBUG - Getting Stays
21.9.2022, 3:11:29 - ERROR - Failed to get stays | {}
21.9.2022, 3:11:29 - DEBUG - Getting Stays
21.9.2022, 3:12:11 - DEBUG - Getting Stays
21.9.2022, 3:12:13 - DEBUG - Getting Stays
21.9.2022, 3:12:15 - DEBUG - Getting Stays
21.9.2022, 3:12:23 - DEBUG - Getting Stays
21.9.2022, 3:12:25 - DEBUG - Getting Stays
21.9.2022, 3:12:27 - DEBUG - Getting Stays
21.9.2022, 3:13:03 - DEBUG - Getting Stays
21.9.2022, 3:13:03 - ERROR - Failed to get stays | {}
21.9.2022, 3:13:03 - DEBUG - Getting Stays
21.9.2022, 3:13:03 - ERROR - Failed to get stays | {}
21.9.2022, 3:13:03 - DEBUG - Getting Stays
21.9.2022, 3:14:48 - DEBUG - Getting Stays
21.9.2022, 3:14:50 - DEBUG - Getting Stays
21.9.2022, 3:14:52 - DEBUG - Getting Stays
21.9.2022, 3:14:54 - DEBUG - Getting Stays
21.9.2022, 3:14:55 - DEBUG - Getting Stays
21.9.2022, 3:14:57 - DEBUG - Getting Stays
21.9.2022, 3:15:04 - DEBUG - Getting Stays
21.9.2022, 3:15:06 - DEBUG - Getting Stays
21.9.2022, 3:15:07 - DEBUG - Getting Stays
21.9.2022, 3:15:09 - DEBUG - Getting Stays
21.9.2022, 3:15:10 - DEBUG - Getting Stays
21.9.2022, 3:15:11 - DEBUG - Getting Stays
21.9.2022, 3:15:12 - DEBUG - Getting Stays
21.9.2022, 3:15:14 - DEBUG - Getting Stays
21.9.2022, 3:15:15 - DEBUG - Getting Stays
21.9.2022, 3:15:16 - DEBUG - Getting Stays
21.9.2022, 3:15:17 - DEBUG - Getting Stays
21.9.2022, 3:15:18 - DEBUG - Getting Stays
21.9.2022, 3:15:19 - DEBUG - Getting Stays
21.9.2022, 3:15:20 - DEBUG - Getting Stays
21.9.2022, 3:15:20 - DEBUG - Getting Stays
21.9.2022, 3:15:21 - DEBUG - Getting Stays
21.9.2022, 3:15:22 - DEBUG - Getting Stays
21.9.2022, 3:15:23 - DEBUG - Getting Stays
21.9.2022, 3:15:24 - DEBUG - Getting Stays
21.9.2022, 3:15:24 - DEBUG - Getting Stays
21.9.2022, 3:15:24 - DEBUG - Getting Stays
21.9.2022, 3:15:24 - DEBUG - Getting Stays
21.9.2022, 3:15:24 - DEBUG - Getting Stays
21.9.2022, 3:15:24 - DEBUG - Getting Stays
21.9.2022, 3:15:24 - DEBUG - Getting Stays
21.9.2022, 3:15:31 - DEBUG - Getting Stays
21.9.2022, 3:15:32 - DEBUG - Getting Stays
21.9.2022, 3:15:32 - DEBUG - Getting Stays
21.9.2022, 3:15:32 - DEBUG - Getting Stays
21.9.2022, 3:15:32 - DEBUG - Getting Stays
21.9.2022, 3:15:32 - DEBUG - Getting Stays
21.9.2022, 3:15:32 - DEBUG - Getting Stays
21.9.2022, 3:15:32 - DEBUG - Getting Stays
21.9.2022, 3:15:32 - DEBUG - Getting Stays
21.9.2022, 3:15:33 - DEBUG - Getting Stays
21.9.2022, 3:15:49 - DEBUG - Getting Stays
21.9.2022, 3:17:16 - DEBUG - Getting Stays
21.9.2022, 3:17:16 - ERROR - Failed to get stays | {}
21.9.2022, 3:17:16 - DEBUG - Getting Stays
21.9.2022, 3:17:16 - ERROR - Failed to get stays | {}
21.9.2022, 3:17:22 - DEBUG - Getting Stays
21.9.2022, 3:17:24 - DEBUG - Getting Stays
21.9.2022, 3:17:26 - DEBUG - Getting Stays
21.9.2022, 3:17:27 - DEBUG - Getting Stays
21.9.2022, 3:17:29 - DEBUG - Getting Stays
21.9.2022, 3:17:29 - DEBUG - Getting Stays
21.9.2022, 3:17:30 - DEBUG - Getting Stays
21.9.2022, 3:17:31 - DEBUG - Getting Stays
21.9.2022, 3:17:32 - DEBUG - Getting Stays
21.9.2022, 3:17:33 - DEBUG - Getting Stays
21.9.2022, 3:17:34 - DEBUG - Getting Stays
21.9.2022, 3:17:35 - DEBUG - Getting Stays
21.9.2022, 3:17:36 - DEBUG - Getting Stays
21.9.2022, 3:17:37 - DEBUG - Getting Stays
21.9.2022, 3:17:38 - DEBUG - Getting Stays
21.9.2022, 3:17:38 - DEBUG - Getting Stays
21.9.2022, 3:17:39 - DEBUG - Getting Stays
21.9.2022, 3:17:40 - DEBUG - Getting Stays
21.9.2022, 3:17:41 - DEBUG - Getting Stays
21.9.2022, 3:17:42 - DEBUG - Getting Stays
21.9.2022, 3:17:43 - DEBUG - Getting Stays
21.9.2022, 3:17:43 - DEBUG - Getting Stays
21.9.2022, 3:17:44 - DEBUG - Getting Stays
21.9.2022, 3:17:44 - DEBUG - Getting Stays
21.9.2022, 3:17:44 - DEBUG - Getting Stays
21.9.2022, 3:17:44 - DEBUG - Getting Stays
21.9.2022, 3:17:44 - DEBUG - Getting Stays
21.9.2022, 3:17:46 - DEBUG - Getting Stays
21.9.2022, 3:17:49 - DEBUG - Getting Stays
21.9.2022, 3:17:49 - DEBUG - Getting Stays
21.9.2022, 3:17:49 - DEBUG - Getting Stays
21.9.2022, 3:17:49 - DEBUG - Getting Stays
21.9.2022, 3:17:49 - DEBUG - Getting Stays
21.9.2022, 3:18:02 - DEBUG - Getting Stays
21.9.2022, 3:18:02 - DEBUG - Getting Stays
21.9.2022, 3:18:02 - DEBUG - Getting Stays
21.9.2022, 3:18:02 - DEBUG - Getting Stays
21.9.2022, 3:18:03 - DEBUG - Getting Stays
21.9.2022, 3:18:03 - DEBUG - Getting Stays
21.9.2022, 3:18:13 - DEBUG - Getting Stays
21.9.2022, 3:18:13 - DEBUG - Getting Stays
21.9.2022, 3:18:13 - DEBUG - Getting Stays
21.9.2022, 3:18:13 - DEBUG - Getting Stays
21.9.2022, 3:18:13 - DEBUG - Getting Stays
21.9.2022, 3:18:13 - DEBUG - Getting Stays
21.9.2022, 3:18:20 - DEBUG - Getting Stays
21.9.2022, 3:18:20 - DEBUG - Getting Stays
21.9.2022, 3:18:20 - DEBUG - Getting Stays
21.9.2022, 3:18:20 - DEBUG - Getting Stays
21.9.2022, 3:18:20 - DEBUG - Getting Stays
21.9.2022, 3:18:20 - DEBUG - Getting Stays
21.9.2022, 3:18:26 - DEBUG - Getting Stays
21.9.2022, 3:18:26 - DEBUG - Getting Stays
21.9.2022, 3:18:26 - DEBUG - Getting Stays
21.9.2022, 3:18:26 - DEBUG - Getting Stays
21.9.2022, 3:18:26 - DEBUG - Getting Stays
21.9.2022, 3:18:26 - DEBUG - Getting Stays
21.9.2022, 3:18:34 - DEBUG - Getting Stays
21.9.2022, 3:18:34 - DEBUG - Getting Stays
21.9.2022, 3:18:34 - DEBUG - Getting Stays
21.9.2022, 3:18:34 - DEBUG - Getting Stays
21.9.2022, 3:18:34 - DEBUG - Getting Stays
21.9.2022, 3:18:34 - DEBUG - Getting Stays
21.9.2022, 3:18:45 - DEBUG - Getting Stays
21.9.2022, 3:18:45 - DEBUG - Getting Stays
21.9.2022, 3:18:45 - DEBUG - Getting Stays
21.9.2022, 3:18:45 - DEBUG - Getting Stays
21.9.2022, 3:18:45 - DEBUG - Getting Stays
21.9.2022, 3:18:45 - DEBUG - Getting Stays
21.9.2022, 3:18:52 - DEBUG - Getting Stays
21.9.2022, 3:18:52 - DEBUG - Getting Stays
21.9.2022, 3:18:52 - DEBUG - Getting Stays
21.9.2022, 3:18:52 - DEBUG - Getting Stays
21.9.2022, 3:18:52 - DEBUG - Getting Stays
21.9.2022, 3:18:52 - DEBUG - Getting Stays
21.9.2022, 3:18:55 - DEBUG - Getting Stays
21.9.2022, 3:18:56 - DEBUG - Getting Stays
21.9.2022, 3:18:56 - DEBUG - Getting Stays
21.9.2022, 3:18:56 - DEBUG - Getting Stays
21.9.2022, 3:18:56 - DEBUG - Getting Stays
21.9.2022, 3:18:56 - DEBUG - Getting Stays
21.9.2022, 3:19:03 - DEBUG - Getting Stays
21.9.2022, 3:19:03 - DEBUG - Getting Stays
21.9.2022, 3:19:03 - DEBUG - Getting Stays
21.9.2022, 3:19:03 - DEBUG - Getting Stays
21.9.2022, 3:19:03 - DEBUG - Getting Stays
21.9.2022, 3:19:03 - DEBUG - Getting Stays
21.9.2022, 3:19:03 - DEBUG - Getting Stays
21.9.2022, 3:19:03 - DEBUG - Getting Stays
21.9.2022, 3:19:03 - DEBUG - Getting Stays
21.9.2022, 3:19:03 - DEBUG - Getting Stays
21.9.2022, 3:19:03 - DEBUG - Getting Stays
21.9.2022, 3:19:03 - DEBUG - Getting Stays
21.9.2022, 3:19:03 - DEBUG - Getting Stays
21.9.2022, 3:19:03 - DEBUG - Getting Stays
21.9.2022, 3:19:03 - DEBUG - Getting Stays
21.9.2022, 3:19:05 - DEBUG - Getting Stays
21.9.2022, 3:19:05 - DEBUG - Getting Stays
21.9.2022, 3:19:05 - ERROR - Failed to get stays | {}
21.9.2022, 3:19:05 - DEBUG - Getting Stays
21.9.2022, 3:19:25 - DEBUG - Getting Stays
21.9.2022, 3:19:28 - DEBUG - Getting Stays
21.9.2022, 3:19:29 - DEBUG - Getting Stays
21.9.2022, 3:20:18 - DEBUG - Getting Stays
21.9.2022, 3:20:18 - ERROR - Failed to get stays | {}
21.9.2022, 3:20:18 - DEBUG - Getting Stays
21.9.2022, 3:20:18 - ERROR - Failed to get stays | {}
21.9.2022, 3:20:18 - DEBUG - Getting Stays
21.9.2022, 3:20:40 - DEBUG - Getting Stays
21.9.2022, 3:20:40 - ERROR - Failed to get stays | {}
21.9.2022, 3:20:40 - DEBUG - Getting Stays
21.9.2022, 3:20:40 - ERROR - Failed to get stays | {}
21.9.2022, 3:20:40 - DEBUG - Getting Stays
21.9.2022, 3:20:48 - DEBUG - Getting Stays
21.9.2022, 3:20:48 - ERROR - Failed to get stays | {}
21.9.2022, 3:20:48 - DEBUG - Getting Stays
21.9.2022, 3:20:48 - ERROR - Failed to get stays | {}
21.9.2022, 3:20:48 - DEBUG - Getting Stays
21.9.2022, 3:21:15 - DEBUG - Getting Stays
21.9.2022, 3:21:15 - ERROR - Failed to get stays | {}
21.9.2022, 3:21:16 - DEBUG - Getting Stays
21.9.2022, 3:21:16 - ERROR - Failed to get stays | {}
21.9.2022, 3:21:16 - DEBUG - Getting Stays
21.9.2022, 3:22:36 - DEBUG - Getting Stays
21.9.2022, 3:22:36 - ERROR - Failed to get stays | {}
21.9.2022, 3:22:36 - DEBUG - Getting Stays
21.9.2022, 3:22:36 - ERROR - Failed to get stays | {}
21.9.2022, 3:22:36 - DEBUG - Getting Stays
21.9.2022, 3:22:42 - DEBUG - Getting Stays
21.9.2022, 3:22:42 - ERROR - Failed to get stays | {}
21.9.2022, 3:22:42 - DEBUG - Getting Stays
21.9.2022, 3:22:42 - ERROR - Failed to get stays | {}
21.9.2022, 3:22:42 - DEBUG - Getting Stays
21.9.2022, 3:23:04 - DEBUG - Getting Stays
21.9.2022, 3:23:09 - DEBUG - Getting Stays
21.9.2022, 3:23:13 - DEBUG - Getting Stays
21.9.2022, 3:23:18 - DEBUG - Getting Stays
21.9.2022, 3:23:23 - DEBUG - Getting Stays
21.9.2022, 3:23:30 - DEBUG - Getting Stays
21.9.2022, 3:23:30 - ERROR - Failed to get stays | {}
21.9.2022, 3:23:31 - DEBUG - Getting Stays
21.9.2022, 3:23:31 - ERROR - Failed to get stays | {}
21.9.2022, 3:23:31 - DEBUG - Getting Stays
21.9.2022, 3:23:42 - DEBUG - Getting Stays
21.9.2022, 3:23:56 - DEBUG - Getting Stays
21.9.2022, 3:24:05 - DEBUG - Getting Stays
21.9.2022, 3:24:10 - DEBUG - Getting Stays
21.9.2022, 3:24:10 - ERROR - Failed to get stays | {}
21.9.2022, 3:24:10 - DEBUG - Getting Stays
21.9.2022, 3:24:10 - ERROR - Failed to get stays | {}
21.9.2022, 3:24:10 - DEBUG - Getting Stays
21.9.2022, 3:24:22 - DEBUG - Getting Stays
21.9.2022, 3:24:31 - DEBUG - Getting Stays
21.9.2022, 3:24:31 - ERROR - Failed to get stays | {}
21.9.2022, 3:24:31 - DEBUG - Getting Stays
21.9.2022, 3:24:31 - ERROR - Failed to get stays | {}
21.9.2022, 3:24:31 - DEBUG - Getting Stays
21.9.2022, 3:24:39 - DEBUG - Getting Stays
21.9.2022, 3:24:44 - DEBUG - Getting Stays
21.9.2022, 3:24:51 - DEBUG - Getting Stays
21.9.2022, 3:24:51 - ERROR - Failed to get stays | {}
21.9.2022, 3:24:51 - DEBUG - Getting Stays
21.9.2022, 3:24:51 - ERROR - Failed to get stays | {}
21.9.2022, 3:24:51 - DEBUG - Getting Stays
21.9.2022, 3:25:02 - DEBUG - Getting Stays
21.9.2022, 3:25:02 - ERROR - Failed to get stays | {}
21.9.2022, 3:25:02 - DEBUG - Getting Stays
21.9.2022, 3:25:02 - ERROR - Failed to get stays | {}
21.9.2022, 3:25:02 - DEBUG - Getting Stays
21.9.2022, 3:25:06 - DEBUG - Getting Stays
21.9.2022, 3:25:06 - ERROR - Failed to get stays | {}
21.9.2022, 3:25:06 - DEBUG - Getting Stays
21.9.2022, 3:25:06 - ERROR - Failed to get stays | {}
21.9.2022, 3:25:06 - DEBUG - Getting Stays
21.9.2022, 3:25:11 - DEBUG - Getting Stays
21.9.2022, 3:25:11 - ERROR - Failed to get stays | {}
21.9.2022, 3:25:11 - DEBUG - Getting Stays
21.9.2022, 3:25:11 - ERROR - Failed to get stays | {}
21.9.2022, 3:25:11 - DEBUG - Getting Stays
21.9.2022, 3:25:16 - DEBUG - Getting Stays
21.9.2022, 3:25:16 - ERROR - Failed to get stays | {}
21.9.2022, 3:25:16 - DEBUG - Getting Stays
21.9.2022, 3:25:16 - DEBUG - Getting Stays
21.9.2022, 3:25:16 - ERROR - Failed to get stays | {}
21.9.2022, 3:25:45 - DEBUG - Getting Stays
21.9.2022, 3:25:46 - DEBUG - Getting Stays
21.9.2022, 3:25:46 - DEBUG - Getting Stays
21.9.2022, 3:25:46 - DEBUG - Getting Stays
21.9.2022, 3:25:47 - DEBUG - Getting Stays
21.9.2022, 3:25:48 - DEBUG - Getting Stays
21.9.2022, 3:25:49 - DEBUG - Getting Stays
21.9.2022, 3:25:50 - DEBUG - Getting Stays
21.9.2022, 3:25:50 - DEBUG - Getting Stays
21.9.2022, 3:25:56 - DEBUG - Getting Stays
21.9.2022, 3:25:56 - ERROR - Failed to get stays | {}
21.9.2022, 3:25:56 - DEBUG - Getting Stays
21.9.2022, 3:25:56 - ERROR - Failed to get stays | {}
21.9.2022, 3:25:56 - DEBUG - Getting Stays
21.9.2022, 3:26:17 - DEBUG - Getting Stays
21.9.2022, 3:26:17 - ERROR - Failed to get stays | {}
21.9.2022, 3:26:17 - DEBUG - Getting Stays
21.9.2022, 3:26:17 - ERROR - Failed to get stays | {}
21.9.2022, 3:26:17 - DEBUG - Getting Stays
21.9.2022, 3:26:21 - DEBUG - Getting Stays
21.9.2022, 3:26:21 - ERROR - Failed to get stays | {}
21.9.2022, 3:26:21 - DEBUG - Getting Stays
21.9.2022, 3:26:21 - ERROR - Failed to get stays | {}
21.9.2022, 3:26:21 - DEBUG - Getting Stays
21.9.2022, 3:27:14 - DEBUG - Getting Stays
21.9.2022, 3:27:14 - DEBUG - Getting Stays
21.9.2022, 3:27:17 - DEBUG - Getting Stays
21.9.2022, 3:27:18 - DEBUG - Getting Stays
21.9.2022, 3:27:18 - ERROR - Failed to get stays | {}
21.9.2022, 3:27:18 - DEBUG - Getting Stays
21.9.2022, 3:27:18 - ERROR - Failed to get stays | {}
21.9.2022, 3:27:18 - DEBUG - Getting Stays
21.9.2022, 3:27:19 - DEBUG - Getting Stays
21.9.2022, 3:27:19 - ERROR - Failed to get stays | {}
21.9.2022, 3:27:19 - DEBUG - Getting Stays
21.9.2022, 3:27:19 - DEBUG - Getting Stays
21.9.2022, 3:27:19 - ERROR - Failed to get stays | {}
21.9.2022, 3:27:26 - DEBUG - Getting Stays
21.9.2022, 3:27:26 - ERROR - Failed to get stays | {}
21.9.2022, 3:27:26 - DEBUG - Getting Stays
21.9.2022, 3:27:26 - ERROR - Failed to get stays | {}
21.9.2022, 3:27:26 - DEBUG - Getting Stays
21.9.2022, 3:28:16 - DEBUG - Getting Stays
21.9.2022, 3:28:17 - DEBUG - Getting Stays
21.9.2022, 3:28:17 - DEBUG - Getting Stays
21.9.2022, 3:28:19 - DEBUG - Getting Stays
21.9.2022, 3:28:23 - DEBUG - Getting Stays
21.9.2022, 3:28:23 - ERROR - Failed to get stays | {}
21.9.2022, 3:28:23 - DEBUG - Getting Stays
21.9.2022, 3:28:30 - DEBUG - Getting Stays
21.9.2022, 3:28:32 - DEBUG - Getting Stays
21.9.2022, 3:28:39 - DEBUG - Getting Stays
21.9.2022, 3:28:39 - ERROR - Failed to get stays | {}
21.9.2022, 3:28:39 - DEBUG - Getting Stays
21.9.2022, 3:28:48 - DEBUG - Getting Stays
21.9.2022, 3:28:48 - ERROR - Failed to get stays | {}
21.9.2022, 3:28:48 - DEBUG - Getting Stays
21.9.2022, 3:28:55 - DEBUG - Getting Stays
21.9.2022, 3:28:55 - ERROR - Failed to get stays | {}
21.9.2022, 3:28:55 - DEBUG - Getting Stays
21.9.2022, 3:29:19 - DEBUG - Getting Stays
21.9.2022, 3:29:19 - ERROR - Failed to get stays | {}
21.9.2022, 3:29:20 - DEBUG - Getting Stays
21.9.2022, 3:30:14 - DEBUG - Getting Stays
21.9.2022, 3:30:14 - DEBUG - Getting Stays
21.9.2022, 3:30:14 - DEBUG - Getting Stays
21.9.2022, 3:30:14 - DEBUG - Getting Stays
21.9.2022, 3:30:14 - DEBUG - Getting Stays
21.9.2022, 3:30:17 - DEBUG - Getting Stays
21.9.2022, 3:30:17 - ERROR - Failed to get stays | {}
21.9.2022, 3:30:17 - DEBUG - Getting Stays
21.9.2022, 3:30:31 - DEBUG - Getting Stays
21.9.2022, 3:30:31 - DEBUG - Getting Stays
21.9.2022, 3:30:31 - DEBUG - Getting Stays
21.9.2022, 3:30:31 - DEBUG - Getting Stays
21.9.2022, 3:30:31 - DEBUG - Getting Stays
21.9.2022, 3:30:33 - DEBUG - Getting Stays
21.9.2022, 3:31:18 - DEBUG - Getting Stays
21.9.2022, 3:31:19 - DEBUG - Getting Stays
21.9.2022, 3:31:19 - DEBUG - Getting Stays
21.9.2022, 3:31:19 - DEBUG - Getting Stays
21.9.2022, 3:31:19 - DEBUG - Getting Stays
21.9.2022, 3:31:20 - DEBUG - Getting Stays
21.9.2022, 3:31:25 - DEBUG - Getting Stays
21.9.2022, 3:31:25 - ERROR - Failed to get stays | {}
21.9.2022, 3:31:25 - DEBUG - Getting Stays
21.9.2022, 3:31:42 - DEBUG - Getting Stays
21.9.2022, 3:31:43 - DEBUG - Getting Stays
21.9.2022, 3:31:43 - DEBUG - Getting Stays
21.9.2022, 3:31:43 - DEBUG - Getting Stays
21.9.2022, 3:31:43 - DEBUG - Getting Stays
21.9.2022, 3:31:44 - DEBUG - Getting Stays
21.9.2022, 3:31:56 - DEBUG - Getting Stays
21.9.2022, 3:31:56 - DEBUG - Getting Stays
21.9.2022, 3:31:56 - DEBUG - Getting Stays
21.9.2022, 3:31:56 - DEBUG - Getting Stays
21.9.2022, 3:31:56 - DEBUG - Getting Stays
21.9.2022, 3:31:57 - DEBUG - Getting Stays
21.9.2022, 3:32:18 - DEBUG - Getting Stays
21.9.2022, 3:32:18 - DEBUG - Getting Stays
21.9.2022, 3:32:18 - DEBUG - Getting Stays
21.9.2022, 3:32:18 - DEBUG - Getting Stays
21.9.2022, 3:32:18 - DEBUG - Getting Stays
21.9.2022, 3:32:20 - DEBUG - Getting Stays
21.9.2022, 3:32:25 - DEBUG - Getting Stays
21.9.2022, 3:32:33 - DEBUG - Getting Stays
21.9.2022, 3:32:34 - DEBUG - Getting Stays
21.9.2022, 3:32:34 - DEBUG - Getting Stays
21.9.2022, 3:32:34 - DEBUG - Getting Stays
21.9.2022, 3:32:34 - DEBUG - Getting Stays
21.9.2022, 3:32:35 - DEBUG - Getting Stays
21.9.2022, 3:32:41 - DEBUG - Getting Stays
21.9.2022, 3:32:49 - DEBUG - Getting Stays
21.9.2022, 3:32:54 - DEBUG - Getting Stays
21.9.2022, 11:07:21 - INFO - Server is running on port: 3030
21.9.2022, 11:08:38 - DEBUG - Getting Stays
21.9.2022, 11:08:57 - DEBUG - Getting Stays
21.9.2022, 11:08:58 - DEBUG - Getting Stays
21.9.2022, 11:08:58 - DEBUG - Getting Stays
21.9.2022, 11:18:48 - DEBUG - Getting Stays
21.9.2022, 11:45:07 - DEBUG - Getting Stays
21.9.2022, 11:45:15 - DEBUG - Getting Stays
21.9.2022, 11:45:20 - DEBUG - Getting Stays
21.9.2022, 11:45:31 - DEBUG - Getting Stays
21.9.2022, 11:45:37 - DEBUG - Getting Stays
21.9.2022, 11:45:38 - DEBUG - Getting Stays
21.9.2022, 11:55:15 - DEBUG - Getting Stays
21.9.2022, 11:55:44 - DEBUG - Getting Stays
21.9.2022, 11:55:46 - DEBUG - Getting Stays
21.9.2022, 11:56:45 - DEBUG - Getting Stays
21.9.2022, 11:56:47 - DEBUG - Getting Stays
21.9.2022, 11:56:51 - DEBUG - Getting Stays
21.9.2022, 11:58:11 - DEBUG - Getting Stays
21.9.2022, 12:12:29 - DEBUG - Getting Stays
21.9.2022, 12:12:31 - DEBUG - Getting Stays
21.9.2022, 12:12:58 - DEBUG - Getting Stays
21.9.2022, 12:13:00 - DEBUG - Getting Stays
21.9.2022, 12:14:05 - DEBUG - Getting Stays
21.9.2022, 12:14:07 - DEBUG - Getting Stays
21.9.2022, 12:14:20 - DEBUG - Getting Stays
21.9.2022, 12:14:23 - DEBUG - Getting Stays
21.9.2022, 12:14:31 - DEBUG - Getting Stays
21.9.2022, 12:14:32 - DEBUG - Getting Stays
21.9.2022, 12:14:34 - DEBUG - Getting Stays
21.9.2022, 12:14:35 - DEBUG - Getting Stays
21.9.2022, 12:14:39 - DEBUG - Getting Stays
21.9.2022, 12:14:44 - DEBUG - Getting Stays
21.9.2022, 12:15:59 - DEBUG - Getting Stays
21.9.2022, 12:22:33 - DEBUG - Getting Stays
21.9.2022, 15:21:12 - INFO - Server is running on port: 3030
21.9.2022, 15:23:59 - DEBUG - Getting Stays
21.9.2022, 15:27:28 - DEBUG - Getting Stays
21.9.2022, 15:27:43 - DEBUG - Getting Stays
21.9.2022, 15:45:37 - DEBUG - Getting Stays
21.9.2022, 15:45:56 - DEBUG - Getting Stays
21.9.2022, 15:47:07 - DEBUG - Getting Stays
21.9.2022, 15:47:08 - DEBUG - Getting Stays
21.9.2022, 15:47:15 - DEBUG - Getting Stays
21.9.2022, 15:47:17 - DEBUG - Getting Stays
21.9.2022, 15:47:19 - DEBUG - Getting Stays
21.9.2022, 15:47:21 - DEBUG - Getting Stays
21.9.2022, 15:55:32 - DEBUG - Getting Stays
21.9.2022, 16:00:53 - DEBUG - Getting Stays
21.9.2022, 16:00:54 - DEBUG - Getting Stays
21.9.2022, 16:02:19 - DEBUG - Getting Stays
21.9.2022, 16:02:24 - DEBUG - Getting Stays
21.9.2022, 16:02:25 - DEBUG - Getting Stays
21.9.2022, 16:03:05 - DEBUG - Getting Stays
21.9.2022, 16:03:07 - DEBUG - Getting Stays
21.9.2022, 16:03:21 - DEBUG - Getting Stays
21.9.2022, 16:03:22 - DEBUG - Getting Stays
